<?xml version="1.0" encoding="UTF-8"?>
<robot generator="Robot 4.1.2 (Python 3.10.0 on win32)" generated="20211217 06:14:01.816" rpa="false" schemaversion="2">
<suite id="s1" name="Tests" source="C:\GravidadeZERO\getgeeks\project\tests">
<suite id="s1-s1" name="Signup" source="C:\GravidadeZERO\getgeeks\project\tests\Signup.robot">
<test id="s1-s1-t1" name="Short Password">
<kw name="Start Session" library="Base" type="SETUP">
<kw name="New Browser" library="Browser">
<arg>${BROWSER}</arg>
<arg>headless=False</arg>
<arg>slowMo=00:00:00.5</arg>
<tag>BrowserControl</tag>
<tag>Setter</tag>
<doc>Create a new playwright Browser with specified options.</doc>
<msg timestamp="20211217 06:14:02.791" level="INFO">{"browser": "chromium", "headless": false, "handleSIGINT": true, "handleSIGTERM": true, "handleSIGHUP": true, "timeout": 30000.0, "devtools": false, "slowMo": 500.0, "tracesDir": "C:\\GravidadeZERO\\getgeeks\\project\\logs\\browser\\traces\\2a7da369-765b-4b7b-a6b8-873c6e747f96"}</msg>
<msg timestamp="20211217 06:14:03.338" level="INFO">Successfully created browser with options: {"browser":"chromium","headless":false,"handleSIGINT":true,"handleSIGTERM":true,"handleSIGHUP":true,"timeout":30000,"devtools":false,"slowMo":500,"tracesDir":"C:\\GravidadeZERO\\getgeeks\\project\\logs\\browser\\traces\\2a7da369-765b-4b7b-a6b8-873c6e747f96"}</msg>
<status status="PASS" starttime="20211217 06:14:02.790" endtime="20211217 06:14:03.338"/>
</kw>
<kw name="New Page" library="Browser">
<arg>${BASE_URL}</arg>
<tag>BrowserControl</tag>
<tag>Setter</tag>
<doc>Open a new Page. A Page is the Playwright equivalent to a tab.
See `Browser, Context and Page` for more information about Page concept.
Returns a stable identifier for the created page.</doc>
<msg timestamp="20211217 06:14:06.664" level="INFO">Successfully initialized new page object and opened url: https://getgeeks-william.herokuapp.com</msg>
<msg timestamp="20211217 06:14:06.665" level="INFO">No context was open. New context was automatically opened when this page is created.</msg>
<status status="PASS" starttime="20211217 06:14:03.338" endtime="20211217 06:14:06.665"/>
</kw>
<status status="PASS" starttime="20211217 06:14:02.790" endtime="20211217 06:14:06.665"/>
</kw>
<kw name="Signup With Short Pass">
<arg>homu</arg>
<kw name="Create Dictionary" library="BuiltIn">
<var>${user_data}</var>
<arg>name=Madoka</arg>
<arg>lastname=Kaname</arg>
<arg>email=madoka32@gmail.com</arg>
<arg>password=${short_pass}</arg>
<doc>Creates and returns a dictionary based on the given ``items``.</doc>
<msg timestamp="20211217 06:14:06.666" level="INFO">${user_data} = {'name': 'Madoka', 'lastname': 'Kaname', 'email': 'madoka32@gmail.com', 'password': 'homu'}</msg>
<status status="PASS" starttime="20211217 06:14:06.666" endtime="20211217 06:14:06.666"/>
</kw>
<kw name="Set Variable" library="BuiltIn">
<var>${expected_alert}</var>
<arg>Informe uma senha com pelo menos 6 caracteres</arg>
<doc>Returns the given values which can then be assigned to a variables.</doc>
<msg timestamp="20211217 06:14:06.667" level="INFO">${expected_alert} = Informe uma senha com pelo menos 6 caracteres</msg>
<status status="PASS" starttime="20211217 06:14:06.666" endtime="20211217 06:14:06.667"/>
</kw>
<kw name="Set Variable" library="BuiltIn">
<var>${field}</var>
<arg>password</arg>
<doc>Returns the given values which can then be assigned to a variables.</doc>
<msg timestamp="20211217 06:14:06.667" level="INFO">${field} = password</msg>
<status status="PASS" starttime="20211217 06:14:06.667" endtime="20211217 06:14:06.667"/>
</kw>
<kw name="Go To Signup Form" library="Actions">
<kw name="Get Title" library="Browser">
<arg>==</arg>
<arg>Getgeeks - Encontre um Geek</arg>
<tag>Assertion</tag>
<tag>Getter</tag>
<tag>PageContent</tag>
<doc>Returns the title of the current page.</doc>
<status status="PASS" starttime="20211217 06:14:06.667" endtime="20211217 06:14:06.675"/>
</kw>
<kw name="Click" library="Browser">
<arg>text=Cadastre-se</arg>
<tag>PageContent</tag>
<tag>Setter</tag>
<doc>Simulates mouse click on the element found by ``selector``.</doc>
<status status="PASS" starttime="20211217 06:14:06.675" endtime="20211217 06:14:07.236"/>
</kw>
<kw name="Wait For Elements State" library="Browser">
<arg>css=.signup-form</arg>
<arg>visible</arg>
<arg>15</arg>
<tag>PageContent</tag>
<tag>Wait</tag>
<doc>Waits for the element found by ``selector`` to satisfy state option.</doc>
<msg timestamp="20211217 06:14:07.245" level="INFO">Waited for Element with selector css=.signup-form at state visible</msg>
<status status="PASS" starttime="20211217 06:14:07.236" endtime="20211217 06:14:07.246"/>
</kw>
<status status="PASS" starttime="20211217 06:14:06.667" endtime="20211217 06:14:07.246"/>
</kw>
<kw name="Fill Signup Form" library="Actions">
<arg>${user_data}</arg>
<kw name="Fill Text" library="Browser">
<arg>id=name</arg>
<arg>${user_data}[name]</arg>
<tag>PageContent</tag>
<tag>Setter</tag>
<doc>Clears and fills the given ``txt`` into the text field found by ``selector``.</doc>
<msg timestamp="20211217 06:14:07.246" level="INFO">Fills the text 'Madoka' in the given field.</msg>
<status status="PASS" starttime="20211217 06:14:07.246" endtime="20211217 06:14:07.771"/>
</kw>
<kw name="Fill Text" library="Browser">
<arg>id=lastname</arg>
<arg>${user_data}[lastname]</arg>
<tag>PageContent</tag>
<tag>Setter</tag>
<doc>Clears and fills the given ``txt`` into the text field found by ``selector``.</doc>
<msg timestamp="20211217 06:14:07.771" level="INFO">Fills the text 'Kaname' in the given field.</msg>
<status status="PASS" starttime="20211217 06:14:07.771" endtime="20211217 06:14:08.300"/>
</kw>
<kw name="Fill Text" library="Browser">
<arg>id=email</arg>
<arg>${user_data}[email]</arg>
<tag>PageContent</tag>
<tag>Setter</tag>
<doc>Clears and fills the given ``txt`` into the text field found by ``selector``.</doc>
<msg timestamp="20211217 06:14:08.301" level="INFO">Fills the text 'madoka32@gmail.com' in the given field.</msg>
<status status="PASS" starttime="20211217 06:14:08.301" endtime="20211217 06:14:08.822"/>
</kw>
<kw name="Fill Text" library="Browser">
<arg>id=password</arg>
<arg>${user_data}[password]</arg>
<tag>PageContent</tag>
<tag>Setter</tag>
<doc>Clears and fills the given ``txt`` into the text field found by ``selector``.</doc>
<msg timestamp="20211217 06:14:08.824" level="INFO">Fills the text 'homu' in the given field.</msg>
<status status="PASS" starttime="20211217 06:14:08.822" endtime="20211217 06:14:09.346"/>
</kw>
<status status="PASS" starttime="20211217 06:14:07.246" endtime="20211217 06:14:09.347"/>
</kw>
<kw name="Submit Signup Form" library="Actions">
<kw name="Click" library="Browser">
<arg>text=Cadastrar</arg>
<tag>PageContent</tag>
<tag>Setter</tag>
<doc>Simulates mouse click on the element found by ``selector``.</doc>
<status status="PASS" starttime="20211217 06:14:09.347" endtime="20211217 06:14:09.896"/>
</kw>
<status status="PASS" starttime="20211217 06:14:09.347" endtime="20211217 06:14:09.897"/>
</kw>
<kw name="Alert Span in Signup Page" library="Actions">
<arg>${expected_alert}</arg>
<arg>${field}</arg>
<kw name="Get Text" library="Browser">
<var>${message}</var>
<arg>xpath=//label[@for="${field}"]/..//span[@class="error"]</arg>
<tag>Assertion</tag>
<tag>Getter</tag>
<tag>PageContent</tag>
<doc>Returns text attribute of the element found by ``selector``.</doc>
<msg timestamp="20211217 06:14:09.913" level="INFO">${message} = Informe uma senha com pelo menos 6 caracteres</msg>
<status status="PASS" starttime="20211217 06:14:09.897" endtime="20211217 06:14:09.913"/>
</kw>
<kw name="Should Be Equal" library="BuiltIn">
<arg>${expected_alert}</arg>
<arg>${message}</arg>
<doc>Fails if the given objects are unequal.</doc>
<status status="PASS" starttime="20211217 06:14:09.913" endtime="20211217 06:14:09.914"/>
</kw>
<status status="PASS" starttime="20211217 06:14:09.897" endtime="20211217 06:14:09.914"/>
</kw>
<kw name="End Session" library="Base">
<kw name="Take Screenshot" library="Browser">
<tag>PageContent</tag>
<doc>Takes a screenshot of the current window or element and saves it to disk.</doc>
<msg timestamp="20211217 06:14:10.111" level="INFO" html="true">&lt;/td&gt;&lt;/tr&gt;&lt;tr&gt;&lt;td colspan="3"&gt;&lt;a href="browser/screenshot/robotframework-browser-screenshot-1.png"&gt;&lt;img src="browser/screenshot/robotframework-browser-screenshot-1.png" width="800px"&gt;&lt;/a&gt;</msg>
<status status="PASS" starttime="20211217 06:14:09.914" endtime="20211217 06:14:10.111"/>
</kw>
<status status="PASS" starttime="20211217 06:14:09.914" endtime="20211217 06:14:10.111"/>
</kw>
<kw name="Close Browser" library="Browser">
<tag>BrowserControl</tag>
<tag>Setter</tag>
<doc>Closes the current browser.</doc>
<msg timestamp="20211217 06:14:10.252" level="INFO">Closed browser</msg>
<status status="PASS" starttime="20211217 06:14:10.111" endtime="20211217 06:14:10.252"/>
</kw>
<kw name="Start Session" library="Base">
<kw name="New Browser" library="Browser">
<arg>${BROWSER}</arg>
<arg>headless=False</arg>
<arg>slowMo=00:00:00.5</arg>
<tag>BrowserControl</tag>
<tag>Setter</tag>
<doc>Create a new playwright Browser with specified options.</doc>
<msg timestamp="20211217 06:14:10.253" level="INFO">{"browser": "chromium", "headless": false, "handleSIGINT": true, "handleSIGTERM": true, "handleSIGHUP": true, "timeout": 30000.0, "devtools": false, "slowMo": 500.0, "tracesDir": "C:\\GravidadeZERO\\getgeeks\\project\\logs\\browser\\traces\\fa5371c5-45a3-44bc-9d40-eca5b43bac6b"}</msg>
<msg timestamp="20211217 06:14:10.797" level="INFO">Successfully created browser with options: {"browser":"chromium","headless":false,"handleSIGINT":true,"handleSIGTERM":true,"handleSIGHUP":true,"timeout":30000,"devtools":false,"slowMo":500,"tracesDir":"C:\\GravidadeZERO\\getgeeks\\project\\logs\\browser\\traces\\fa5371c5-45a3-44bc-9d40-eca5b43bac6b"}</msg>
<status status="PASS" starttime="20211217 06:14:10.253" endtime="20211217 06:14:10.797"/>
</kw>
<kw name="New Page" library="Browser">
<arg>${BASE_URL}</arg>
<tag>BrowserControl</tag>
<tag>Setter</tag>
<doc>Open a new Page. A Page is the Playwright equivalent to a tab.
See `Browser, Context and Page` for more information about Page concept.
Returns a stable identifier for the created page.</doc>
<msg timestamp="20211217 06:14:14.315" level="INFO">Successfully initialized new page object and opened url: https://getgeeks-william.herokuapp.com</msg>
<msg timestamp="20211217 06:14:14.315" level="INFO">No context was open. New context was automatically opened when this page is created.</msg>
<status status="PASS" starttime="20211217 06:14:10.797" endtime="20211217 06:14:14.315"/>
</kw>
<status status="PASS" starttime="20211217 06:14:10.253" endtime="20211217 06:14:14.315"/>
</kw>
<status status="PASS" starttime="20211217 06:14:06.666" endtime="20211217 06:14:14.315"/>
</kw>
<kw name="Signup With Short Pass">
<arg>1</arg>
<kw name="Create Dictionary" library="BuiltIn">
<var>${user_data}</var>
<arg>name=Madoka</arg>
<arg>lastname=Kaname</arg>
<arg>email=madoka32@gmail.com</arg>
<arg>password=${short_pass}</arg>
<doc>Creates and returns a dictionary based on the given ``items``.</doc>
<msg timestamp="20211217 06:14:14.316" level="INFO">${user_data} = {'name': 'Madoka', 'lastname': 'Kaname', 'email': 'madoka32@gmail.com', 'password': '1'}</msg>
<status status="PASS" starttime="20211217 06:14:14.316" endtime="20211217 06:14:14.316"/>
</kw>
<kw name="Set Variable" library="BuiltIn">
<var>${expected_alert}</var>
<arg>Informe uma senha com pelo menos 6 caracteres</arg>
<doc>Returns the given values which can then be assigned to a variables.</doc>
<msg timestamp="20211217 06:14:14.316" level="INFO">${expected_alert} = Informe uma senha com pelo menos 6 caracteres</msg>
<status status="PASS" starttime="20211217 06:14:14.316" endtime="20211217 06:14:14.316"/>
</kw>
<kw name="Set Variable" library="BuiltIn">
<var>${field}</var>
<arg>password</arg>
<doc>Returns the given values which can then be assigned to a variables.</doc>
<msg timestamp="20211217 06:14:14.316" level="INFO">${field} = password</msg>
<status status="PASS" starttime="20211217 06:14:14.316" endtime="20211217 06:14:14.317"/>
</kw>
<kw name="Go To Signup Form" library="Actions">
<kw name="Get Title" library="Browser">
<arg>==</arg>
<arg>Getgeeks - Encontre um Geek</arg>
<tag>Assertion</tag>
<tag>Getter</tag>
<tag>PageContent</tag>
<doc>Returns the title of the current page.</doc>
<status status="PASS" starttime="20211217 06:14:14.317" endtime="20211217 06:14:14.321"/>
</kw>
<kw name="Click" library="Browser">
<arg>text=Cadastre-se</arg>
<tag>PageContent</tag>
<tag>Setter</tag>
<doc>Simulates mouse click on the element found by ``selector``.</doc>
<status status="PASS" starttime="20211217 06:14:14.321" endtime="20211217 06:14:14.885"/>
</kw>
<kw name="Wait For Elements State" library="Browser">
<arg>css=.signup-form</arg>
<arg>visible</arg>
<arg>15</arg>
<tag>PageContent</tag>
<tag>Wait</tag>
<doc>Waits for the element found by ``selector`` to satisfy state option.</doc>
<msg timestamp="20211217 06:14:14.902" level="INFO">Waited for Element with selector css=.signup-form at state visible</msg>
<status status="PASS" starttime="20211217 06:14:14.886" endtime="20211217 06:14:14.902"/>
</kw>
<status status="PASS" starttime="20211217 06:14:14.317" endtime="20211217 06:14:14.902"/>
</kw>
<kw name="Fill Signup Form" library="Actions">
<arg>${user_data}</arg>
<kw name="Fill Text" library="Browser">
<arg>id=name</arg>
<arg>${user_data}[name]</arg>
<tag>PageContent</tag>
<tag>Setter</tag>
<doc>Clears and fills the given ``txt`` into the text field found by ``selector``.</doc>
<msg timestamp="20211217 06:14:14.903" level="INFO">Fills the text 'Madoka' in the given field.</msg>
<status status="PASS" starttime="20211217 06:14:14.902" endtime="20211217 06:14:15.423"/>
</kw>
<kw name="Fill Text" library="Browser">
<arg>id=lastname</arg>
<arg>${user_data}[lastname]</arg>
<tag>PageContent</tag>
<tag>Setter</tag>
<doc>Clears and fills the given ``txt`` into the text field found by ``selector``.</doc>
<msg timestamp="20211217 06:14:15.424" level="INFO">Fills the text 'Kaname' in the given field.</msg>
<status status="PASS" starttime="20211217 06:14:15.423" endtime="20211217 06:14:15.947"/>
</kw>
<kw name="Fill Text" library="Browser">
<arg>id=email</arg>
<arg>${user_data}[email]</arg>
<tag>PageContent</tag>
<tag>Setter</tag>
<doc>Clears and fills the given ``txt`` into the text field found by ``selector``.</doc>
<msg timestamp="20211217 06:14:15.948" level="INFO">Fills the text 'madoka32@gmail.com' in the given field.</msg>
<status status="PASS" starttime="20211217 06:14:15.948" endtime="20211217 06:14:16.481"/>
</kw>
<kw name="Fill Text" library="Browser">
<arg>id=password</arg>
<arg>${user_data}[password]</arg>
<tag>PageContent</tag>
<tag>Setter</tag>
<doc>Clears and fills the given ``txt`` into the text field found by ``selector``.</doc>
<msg timestamp="20211217 06:14:16.482" level="INFO">Fills the text '1' in the given field.</msg>
<status status="PASS" starttime="20211217 06:14:16.481" endtime="20211217 06:14:17.004"/>
</kw>
<status status="PASS" starttime="20211217 06:14:14.902" endtime="20211217 06:14:17.004"/>
</kw>
<kw name="Submit Signup Form" library="Actions">
<kw name="Click" library="Browser">
<arg>text=Cadastrar</arg>
<tag>PageContent</tag>
<tag>Setter</tag>
<doc>Simulates mouse click on the element found by ``selector``.</doc>
<status status="PASS" starttime="20211217 06:14:17.005" endtime="20211217 06:14:17.562"/>
</kw>
<status status="PASS" starttime="20211217 06:14:17.004" endtime="20211217 06:14:17.562"/>
</kw>
<kw name="Alert Span in Signup Page" library="Actions">
<arg>${expected_alert}</arg>
<arg>${field}</arg>
<kw name="Get Text" library="Browser">
<var>${message}</var>
<arg>xpath=//label[@for="${field}"]/..//span[@class="error"]</arg>
<tag>Assertion</tag>
<tag>Getter</tag>
<tag>PageContent</tag>
<doc>Returns text attribute of the element found by ``selector``.</doc>
<msg timestamp="20211217 06:14:17.578" level="INFO">${message} = Informe uma senha com pelo menos 6 caracteres</msg>
<status status="PASS" starttime="20211217 06:14:17.563" endtime="20211217 06:14:17.578"/>
</kw>
<kw name="Should Be Equal" library="BuiltIn">
<arg>${expected_alert}</arg>
<arg>${message}</arg>
<doc>Fails if the given objects are unequal.</doc>
<status status="PASS" starttime="20211217 06:14:17.578" endtime="20211217 06:14:17.579"/>
</kw>
<status status="PASS" starttime="20211217 06:14:17.563" endtime="20211217 06:14:17.579"/>
</kw>
<kw name="End Session" library="Base">
<kw name="Take Screenshot" library="Browser">
<tag>PageContent</tag>
<doc>Takes a screenshot of the current window or element and saves it to disk.</doc>
<msg timestamp="20211217 06:14:17.759" level="INFO" html="true">&lt;/td&gt;&lt;/tr&gt;&lt;tr&gt;&lt;td colspan="3"&gt;&lt;a href="browser/screenshot/robotframework-browser-screenshot-2.png"&gt;&lt;img src="browser/screenshot/robotframework-browser-screenshot-2.png" width="800px"&gt;&lt;/a&gt;</msg>
<status status="PASS" starttime="20211217 06:14:17.579" endtime="20211217 06:14:17.759"/>
</kw>
<status status="PASS" starttime="20211217 06:14:17.579" endtime="20211217 06:14:17.759"/>
</kw>
<kw name="Close Browser" library="Browser">
<tag>BrowserControl</tag>
<tag>Setter</tag>
<doc>Closes the current browser.</doc>
<msg timestamp="20211217 06:14:17.881" level="INFO">Closed browser</msg>
<status status="PASS" starttime="20211217 06:14:17.760" endtime="20211217 06:14:17.881"/>
</kw>
<kw name="Start Session" library="Base">
<kw name="New Browser" library="Browser">
<arg>${BROWSER}</arg>
<arg>headless=False</arg>
<arg>slowMo=00:00:00.5</arg>
<tag>BrowserControl</tag>
<tag>Setter</tag>
<doc>Create a new playwright Browser with specified options.</doc>
<msg timestamp="20211217 06:14:17.882" level="INFO">{"browser": "chromium", "headless": false, "handleSIGINT": true, "handleSIGTERM": true, "handleSIGHUP": true, "timeout": 30000.0, "devtools": false, "slowMo": 500.0, "tracesDir": "C:\\GravidadeZERO\\getgeeks\\project\\logs\\browser\\traces\\4511c2aa-e687-4fc9-9e89-1cb46607abb9"}</msg>
<msg timestamp="20211217 06:14:18.560" level="INFO">Successfully created browser with options: {"browser":"chromium","headless":false,"handleSIGINT":true,"handleSIGTERM":true,"handleSIGHUP":true,"timeout":30000,"devtools":false,"slowMo":500,"tracesDir":"C:\\GravidadeZERO\\getgeeks\\project\\logs\\browser\\traces\\4511c2aa-e687-4fc9-9e89-1cb46607abb9"}</msg>
<status status="PASS" starttime="20211217 06:14:17.882" endtime="20211217 06:14:18.561"/>
</kw>
<kw name="New Page" library="Browser">
<arg>${BASE_URL}</arg>
<tag>BrowserControl</tag>
<tag>Setter</tag>
<doc>Open a new Page. A Page is the Playwright equivalent to a tab.
See `Browser, Context and Page` for more information about Page concept.
Returns a stable identifier for the created page.</doc>
<msg timestamp="20211217 06:14:22.075" level="INFO">Successfully initialized new page object and opened url: https://getgeeks-william.herokuapp.com</msg>
<msg timestamp="20211217 06:14:22.075" level="INFO">No context was open. New context was automatically opened when this page is created.</msg>
<status status="PASS" starttime="20211217 06:14:18.561" endtime="20211217 06:14:22.076"/>
</kw>
<status status="PASS" starttime="20211217 06:14:17.881" endtime="20211217 06:14:22.076"/>
</kw>
<status status="PASS" starttime="20211217 06:14:14.315" endtime="20211217 06:14:22.076"/>
</kw>
<kw name="Signup With Short Pass">
<arg>-1</arg>
<kw name="Create Dictionary" library="BuiltIn">
<var>${user_data}</var>
<arg>name=Madoka</arg>
<arg>lastname=Kaname</arg>
<arg>email=madoka32@gmail.com</arg>
<arg>password=${short_pass}</arg>
<doc>Creates and returns a dictionary based on the given ``items``.</doc>
<msg timestamp="20211217 06:14:22.077" level="INFO">${user_data} = {'name': 'Madoka', 'lastname': 'Kaname', 'email': 'madoka32@gmail.com', 'password': '-1'}</msg>
<status status="PASS" starttime="20211217 06:14:22.077" endtime="20211217 06:14:22.077"/>
</kw>
<kw name="Set Variable" library="BuiltIn">
<var>${expected_alert}</var>
<arg>Informe uma senha com pelo menos 6 caracteres</arg>
<doc>Returns the given values which can then be assigned to a variables.</doc>
<msg timestamp="20211217 06:14:22.077" level="INFO">${expected_alert} = Informe uma senha com pelo menos 6 caracteres</msg>
<status status="PASS" starttime="20211217 06:14:22.077" endtime="20211217 06:14:22.077"/>
</kw>
<kw name="Set Variable" library="BuiltIn">
<var>${field}</var>
<arg>password</arg>
<doc>Returns the given values which can then be assigned to a variables.</doc>
<msg timestamp="20211217 06:14:22.077" level="INFO">${field} = password</msg>
<status status="PASS" starttime="20211217 06:14:22.077" endtime="20211217 06:14:22.078"/>
</kw>
<kw name="Go To Signup Form" library="Actions">
<kw name="Get Title" library="Browser">
<arg>==</arg>
<arg>Getgeeks - Encontre um Geek</arg>
<tag>Assertion</tag>
<tag>Getter</tag>
<tag>PageContent</tag>
<doc>Returns the title of the current page.</doc>
<status status="PASS" starttime="20211217 06:14:22.078" endtime="20211217 06:14:22.081"/>
</kw>
<kw name="Click" library="Browser">
<arg>text=Cadastre-se</arg>
<tag>PageContent</tag>
<tag>Setter</tag>
<doc>Simulates mouse click on the element found by ``selector``.</doc>
<status status="PASS" starttime="20211217 06:14:22.082" endtime="20211217 06:14:22.627"/>
</kw>
<kw name="Wait For Elements State" library="Browser">
<arg>css=.signup-form</arg>
<arg>visible</arg>
<arg>15</arg>
<tag>PageContent</tag>
<tag>Wait</tag>
<doc>Waits for the element found by ``selector`` to satisfy state option.</doc>
<msg timestamp="20211217 06:14:22.635" level="INFO">Waited for Element with selector css=.signup-form at state visible</msg>
<status status="PASS" starttime="20211217 06:14:22.627" endtime="20211217 06:14:22.636"/>
</kw>
<status status="PASS" starttime="20211217 06:14:22.078" endtime="20211217 06:14:22.636"/>
</kw>
<kw name="Fill Signup Form" library="Actions">
<arg>${user_data}</arg>
<kw name="Fill Text" library="Browser">
<arg>id=name</arg>
<arg>${user_data}[name]</arg>
<tag>PageContent</tag>
<tag>Setter</tag>
<doc>Clears and fills the given ``txt`` into the text field found by ``selector``.</doc>
<msg timestamp="20211217 06:14:22.636" level="INFO">Fills the text 'Madoka' in the given field.</msg>
<status status="PASS" starttime="20211217 06:14:22.636" endtime="20211217 06:14:23.165"/>
</kw>
<kw name="Fill Text" library="Browser">
<arg>id=lastname</arg>
<arg>${user_data}[lastname]</arg>
<tag>PageContent</tag>
<tag>Setter</tag>
<doc>Clears and fills the given ``txt`` into the text field found by ``selector``.</doc>
<msg timestamp="20211217 06:14:23.165" level="INFO">Fills the text 'Kaname' in the given field.</msg>
<status status="PASS" starttime="20211217 06:14:23.165" endtime="20211217 06:14:23.684"/>
</kw>
<kw name="Fill Text" library="Browser">
<arg>id=email</arg>
<arg>${user_data}[email]</arg>
<tag>PageContent</tag>
<tag>Setter</tag>
<doc>Clears and fills the given ``txt`` into the text field found by ``selector``.</doc>
<msg timestamp="20211217 06:14:23.685" level="INFO">Fills the text 'madoka32@gmail.com' in the given field.</msg>
<status status="PASS" starttime="20211217 06:14:23.684" endtime="20211217 06:14:24.202"/>
</kw>
<kw name="Fill Text" library="Browser">
<arg>id=password</arg>
<arg>${user_data}[password]</arg>
<tag>PageContent</tag>
<tag>Setter</tag>
<doc>Clears and fills the given ``txt`` into the text field found by ``selector``.</doc>
<msg timestamp="20211217 06:14:24.203" level="INFO">Fills the text '-1' in the given field.</msg>
<status status="PASS" starttime="20211217 06:14:24.202" endtime="20211217 06:14:24.724"/>
</kw>
<status status="PASS" starttime="20211217 06:14:22.636" endtime="20211217 06:14:24.724"/>
</kw>
<kw name="Submit Signup Form" library="Actions">
<kw name="Click" library="Browser">
<arg>text=Cadastrar</arg>
<tag>PageContent</tag>
<tag>Setter</tag>
<doc>Simulates mouse click on the element found by ``selector``.</doc>
<status status="PASS" starttime="20211217 06:14:24.724" endtime="20211217 06:14:25.267"/>
</kw>
<status status="PASS" starttime="20211217 06:14:24.724" endtime="20211217 06:14:25.268"/>
</kw>
<kw name="Alert Span in Signup Page" library="Actions">
<arg>${expected_alert}</arg>
<arg>${field}</arg>
<kw name="Get Text" library="Browser">
<var>${message}</var>
<arg>xpath=//label[@for="${field}"]/..//span[@class="error"]</arg>
<tag>Assertion</tag>
<tag>Getter</tag>
<tag>PageContent</tag>
<doc>Returns text attribute of the element found by ``selector``.</doc>
<msg timestamp="20211217 06:14:25.282" level="INFO">${message} = Informe uma senha com pelo menos 6 caracteres</msg>
<status status="PASS" starttime="20211217 06:14:25.268" endtime="20211217 06:14:25.282"/>
</kw>
<kw name="Should Be Equal" library="BuiltIn">
<arg>${expected_alert}</arg>
<arg>${message}</arg>
<doc>Fails if the given objects are unequal.</doc>
<status status="PASS" starttime="20211217 06:14:25.282" endtime="20211217 06:14:25.282"/>
</kw>
<status status="PASS" starttime="20211217 06:14:25.268" endtime="20211217 06:14:25.282"/>
</kw>
<kw name="End Session" library="Base">
<kw name="Take Screenshot" library="Browser">
<tag>PageContent</tag>
<doc>Takes a screenshot of the current window or element and saves it to disk.</doc>
<msg timestamp="20211217 06:14:25.478" level="INFO" html="true">&lt;/td&gt;&lt;/tr&gt;&lt;tr&gt;&lt;td colspan="3"&gt;&lt;a href="browser/screenshot/robotframework-browser-screenshot-3.png"&gt;&lt;img src="browser/screenshot/robotframework-browser-screenshot-3.png" width="800px"&gt;&lt;/a&gt;</msg>
<status status="PASS" starttime="20211217 06:14:25.283" endtime="20211217 06:14:25.478"/>
</kw>
<status status="PASS" starttime="20211217 06:14:25.282" endtime="20211217 06:14:25.478"/>
</kw>
<kw name="Close Browser" library="Browser">
<tag>BrowserControl</tag>
<tag>Setter</tag>
<doc>Closes the current browser.</doc>
<msg timestamp="20211217 06:14:25.597" level="INFO">Closed browser</msg>
<status status="PASS" starttime="20211217 06:14:25.478" endtime="20211217 06:14:25.598"/>
</kw>
<kw name="Start Session" library="Base">
<kw name="New Browser" library="Browser">
<arg>${BROWSER}</arg>
<arg>headless=False</arg>
<arg>slowMo=00:00:00.5</arg>
<tag>BrowserControl</tag>
<tag>Setter</tag>
<doc>Create a new playwright Browser with specified options.</doc>
<msg timestamp="20211217 06:14:25.598" level="INFO">{"browser": "chromium", "headless": false, "handleSIGINT": true, "handleSIGTERM": true, "handleSIGHUP": true, "timeout": 30000.0, "devtools": false, "slowMo": 500.0, "tracesDir": "C:\\GravidadeZERO\\getgeeks\\project\\logs\\browser\\traces\\c5d4e5bc-ce0a-4db3-a010-7295ad00e6df"}</msg>
<msg timestamp="20211217 06:14:26.165" level="INFO">Successfully created browser with options: {"browser":"chromium","headless":false,"handleSIGINT":true,"handleSIGTERM":true,"handleSIGHUP":true,"timeout":30000,"devtools":false,"slowMo":500,"tracesDir":"C:\\GravidadeZERO\\getgeeks\\project\\logs\\browser\\traces\\c5d4e5bc-ce0a-4db3-a010-7295ad00e6df"}</msg>
<status status="PASS" starttime="20211217 06:14:25.598" endtime="20211217 06:14:26.165"/>
</kw>
<kw name="New Page" library="Browser">
<arg>${BASE_URL}</arg>
<tag>BrowserControl</tag>
<tag>Setter</tag>
<doc>Open a new Page. A Page is the Playwright equivalent to a tab.
See `Browser, Context and Page` for more information about Page concept.
Returns a stable identifier for the created page.</doc>
<msg timestamp="20211217 06:14:29.527" level="INFO">Successfully initialized new page object and opened url: https://getgeeks-william.herokuapp.com</msg>
<msg timestamp="20211217 06:14:29.528" level="INFO">No context was open. New context was automatically opened when this page is created.</msg>
<status status="PASS" starttime="20211217 06:14:26.166" endtime="20211217 06:14:29.528"/>
</kw>
<status status="PASS" starttime="20211217 06:14:25.598" endtime="20211217 06:14:29.529"/>
</kw>
<status status="PASS" starttime="20211217 06:14:22.076" endtime="20211217 06:14:29.529"/>
</kw>
<kw name="Signup With Short Pass">
<arg>www</arg>
<kw name="Create Dictionary" library="BuiltIn">
<var>${user_data}</var>
<arg>name=Madoka</arg>
<arg>lastname=Kaname</arg>
<arg>email=madoka32@gmail.com</arg>
<arg>password=${short_pass}</arg>
<doc>Creates and returns a dictionary based on the given ``items``.</doc>
<msg timestamp="20211217 06:14:29.533" level="INFO">${user_data} = {'name': 'Madoka', 'lastname': 'Kaname', 'email': 'madoka32@gmail.com', 'password': 'www'}</msg>
<status status="PASS" starttime="20211217 06:14:29.532" endtime="20211217 06:14:29.534"/>
</kw>
<kw name="Set Variable" library="BuiltIn">
<var>${expected_alert}</var>
<arg>Informe uma senha com pelo menos 6 caracteres</arg>
<doc>Returns the given values which can then be assigned to a variables.</doc>
<msg timestamp="20211217 06:14:29.535" level="INFO">${expected_alert} = Informe uma senha com pelo menos 6 caracteres</msg>
<status status="PASS" starttime="20211217 06:14:29.534" endtime="20211217 06:14:29.535"/>
</kw>
<kw name="Set Variable" library="BuiltIn">
<var>${field}</var>
<arg>password</arg>
<doc>Returns the given values which can then be assigned to a variables.</doc>
<msg timestamp="20211217 06:14:29.536" level="INFO">${field} = password</msg>
<status status="PASS" starttime="20211217 06:14:29.535" endtime="20211217 06:14:29.536"/>
</kw>
<kw name="Go To Signup Form" library="Actions">
<kw name="Get Title" library="Browser">
<arg>==</arg>
<arg>Getgeeks - Encontre um Geek</arg>
<tag>Assertion</tag>
<tag>Getter</tag>
<tag>PageContent</tag>
<doc>Returns the title of the current page.</doc>
<status status="PASS" starttime="20211217 06:14:29.536" endtime="20211217 06:14:29.540"/>
</kw>
<kw name="Click" library="Browser">
<arg>text=Cadastre-se</arg>
<tag>PageContent</tag>
<tag>Setter</tag>
<doc>Simulates mouse click on the element found by ``selector``.</doc>
<status status="PASS" starttime="20211217 06:14:29.540" endtime="20211217 06:14:30.104"/>
</kw>
<kw name="Wait For Elements State" library="Browser">
<arg>css=.signup-form</arg>
<arg>visible</arg>
<arg>15</arg>
<tag>PageContent</tag>
<tag>Wait</tag>
<doc>Waits for the element found by ``selector`` to satisfy state option.</doc>
<msg timestamp="20211217 06:14:30.127" level="INFO">Waited for Element with selector css=.signup-form at state visible</msg>
<status status="PASS" starttime="20211217 06:14:30.104" endtime="20211217 06:14:30.128"/>
</kw>
<status status="PASS" starttime="20211217 06:14:29.536" endtime="20211217 06:14:30.128"/>
</kw>
<kw name="Fill Signup Form" library="Actions">
<arg>${user_data}</arg>
<kw name="Fill Text" library="Browser">
<arg>id=name</arg>
<arg>${user_data}[name]</arg>
<tag>PageContent</tag>
<tag>Setter</tag>
<doc>Clears and fills the given ``txt`` into the text field found by ``selector``.</doc>
<msg timestamp="20211217 06:14:30.131" level="INFO">Fills the text 'Madoka' in the given field.</msg>
<status status="PASS" starttime="20211217 06:14:30.130" endtime="20211217 06:14:30.666"/>
</kw>
<kw name="Fill Text" library="Browser">
<arg>id=lastname</arg>
<arg>${user_data}[lastname]</arg>
<tag>PageContent</tag>
<tag>Setter</tag>
<doc>Clears and fills the given ``txt`` into the text field found by ``selector``.</doc>
<msg timestamp="20211217 06:14:30.667" level="INFO">Fills the text 'Kaname' in the given field.</msg>
<status status="PASS" starttime="20211217 06:14:30.666" endtime="20211217 06:14:31.184"/>
</kw>
<kw name="Fill Text" library="Browser">
<arg>id=email</arg>
<arg>${user_data}[email]</arg>
<tag>PageContent</tag>
<tag>Setter</tag>
<doc>Clears and fills the given ``txt`` into the text field found by ``selector``.</doc>
<msg timestamp="20211217 06:14:31.185" level="INFO">Fills the text 'madoka32@gmail.com' in the given field.</msg>
<status status="PASS" starttime="20211217 06:14:31.184" endtime="20211217 06:14:31.707"/>
</kw>
<kw name="Fill Text" library="Browser">
<arg>id=password</arg>
<arg>${user_data}[password]</arg>
<tag>PageContent</tag>
<tag>Setter</tag>
<doc>Clears and fills the given ``txt`` into the text field found by ``selector``.</doc>
<msg timestamp="20211217 06:14:31.707" level="INFO">Fills the text 'www' in the given field.</msg>
<status status="PASS" starttime="20211217 06:14:31.707" endtime="20211217 06:14:32.227"/>
</kw>
<status status="PASS" starttime="20211217 06:14:30.129" endtime="20211217 06:14:32.227"/>
</kw>
<kw name="Submit Signup Form" library="Actions">
<kw name="Click" library="Browser">
<arg>text=Cadastrar</arg>
<tag>PageContent</tag>
<tag>Setter</tag>
<doc>Simulates mouse click on the element found by ``selector``.</doc>
<status status="PASS" starttime="20211217 06:14:32.228" endtime="20211217 06:14:32.790"/>
</kw>
<status status="PASS" starttime="20211217 06:14:32.227" endtime="20211217 06:14:32.790"/>
</kw>
<kw name="Alert Span in Signup Page" library="Actions">
<arg>${expected_alert}</arg>
<arg>${field}</arg>
<kw name="Get Text" library="Browser">
<var>${message}</var>
<arg>xpath=//label[@for="${field}"]/..//span[@class="error"]</arg>
<tag>Assertion</tag>
<tag>Getter</tag>
<tag>PageContent</tag>
<doc>Returns text attribute of the element found by ``selector``.</doc>
<msg timestamp="20211217 06:14:32.803" level="INFO">${message} = Informe uma senha com pelo menos 6 caracteres</msg>
<status status="PASS" starttime="20211217 06:14:32.791" endtime="20211217 06:14:32.803"/>
</kw>
<kw name="Should Be Equal" library="BuiltIn">
<arg>${expected_alert}</arg>
<arg>${message}</arg>
<doc>Fails if the given objects are unequal.</doc>
<status status="PASS" starttime="20211217 06:14:32.803" endtime="20211217 06:14:32.803"/>
</kw>
<status status="PASS" starttime="20211217 06:14:32.790" endtime="20211217 06:14:32.803"/>
</kw>
<kw name="End Session" library="Base">
<kw name="Take Screenshot" library="Browser">
<tag>PageContent</tag>
<doc>Takes a screenshot of the current window or element and saves it to disk.</doc>
<msg timestamp="20211217 06:14:32.992" level="INFO" html="true">&lt;/td&gt;&lt;/tr&gt;&lt;tr&gt;&lt;td colspan="3"&gt;&lt;a href="browser/screenshot/robotframework-browser-screenshot-4.png"&gt;&lt;img src="browser/screenshot/robotframework-browser-screenshot-4.png" width="800px"&gt;&lt;/a&gt;</msg>
<status status="PASS" starttime="20211217 06:14:32.804" endtime="20211217 06:14:32.992"/>
</kw>
<status status="PASS" starttime="20211217 06:14:32.804" endtime="20211217 06:14:32.992"/>
</kw>
<kw name="Close Browser" library="Browser">
<tag>BrowserControl</tag>
<tag>Setter</tag>
<doc>Closes the current browser.</doc>
<msg timestamp="20211217 06:14:33.157" level="INFO">Closed browser</msg>
<status status="PASS" starttime="20211217 06:14:32.992" endtime="20211217 06:14:33.157"/>
</kw>
<kw name="Start Session" library="Base">
<kw name="New Browser" library="Browser">
<arg>${BROWSER}</arg>
<arg>headless=False</arg>
<arg>slowMo=00:00:00.5</arg>
<tag>BrowserControl</tag>
<tag>Setter</tag>
<doc>Create a new playwright Browser with specified options.</doc>
<msg timestamp="20211217 06:14:33.158" level="INFO">{"browser": "chromium", "headless": false, "handleSIGINT": true, "handleSIGTERM": true, "handleSIGHUP": true, "timeout": 30000.0, "devtools": false, "slowMo": 500.0, "tracesDir": "C:\\GravidadeZERO\\getgeeks\\project\\logs\\browser\\traces\\0b4133e5-9c7d-4624-9d30-45b0dca9b2e2"}</msg>
<msg timestamp="20211217 06:14:33.829" level="INFO">Successfully created browser with options: {"browser":"chromium","headless":false,"handleSIGINT":true,"handleSIGTERM":true,"handleSIGHUP":true,"timeout":30000,"devtools":false,"slowMo":500,"tracesDir":"C:\\GravidadeZERO\\getgeeks\\project\\logs\\browser\\traces\\0b4133e5-9c7d-4624-9d30-45b0dca9b2e2"}</msg>
<status status="PASS" starttime="20211217 06:14:33.157" endtime="20211217 06:14:33.829"/>
</kw>
<kw name="New Page" library="Browser">
<arg>${BASE_URL}</arg>
<tag>BrowserControl</tag>
<tag>Setter</tag>
<doc>Open a new Page. A Page is the Playwright equivalent to a tab.
See `Browser, Context and Page` for more information about Page concept.
Returns a stable identifier for the created page.</doc>
<msg timestamp="20211217 06:14:37.207" level="INFO">Successfully initialized new page object and opened url: https://getgeeks-william.herokuapp.com</msg>
<msg timestamp="20211217 06:14:37.208" level="INFO">No context was open. New context was automatically opened when this page is created.</msg>
<status status="PASS" starttime="20211217 06:14:33.829" endtime="20211217 06:14:37.208"/>
</kw>
<status status="PASS" starttime="20211217 06:14:33.157" endtime="20211217 06:14:37.209"/>
</kw>
<status status="PASS" starttime="20211217 06:14:29.531" endtime="20211217 06:14:37.209"/>
</kw>
<kw name="Signup With Short Pass">
<arg>2</arg>
<kw name="Create Dictionary" library="BuiltIn">
<var>${user_data}</var>
<arg>name=Madoka</arg>
<arg>lastname=Kaname</arg>
<arg>email=madoka32@gmail.com</arg>
<arg>password=${short_pass}</arg>
<doc>Creates and returns a dictionary based on the given ``items``.</doc>
<msg timestamp="20211217 06:14:37.213" level="INFO">${user_data} = {'name': 'Madoka', 'lastname': 'Kaname', 'email': 'madoka32@gmail.com', 'password': '2'}</msg>
<status status="PASS" starttime="20211217 06:14:37.212" endtime="20211217 06:14:37.214"/>
</kw>
<kw name="Set Variable" library="BuiltIn">
<var>${expected_alert}</var>
<arg>Informe uma senha com pelo menos 6 caracteres</arg>
<doc>Returns the given values which can then be assigned to a variables.</doc>
<msg timestamp="20211217 06:14:37.215" level="INFO">${expected_alert} = Informe uma senha com pelo menos 6 caracteres</msg>
<status status="PASS" starttime="20211217 06:14:37.214" endtime="20211217 06:14:37.215"/>
</kw>
<kw name="Set Variable" library="BuiltIn">
<var>${field}</var>
<arg>password</arg>
<doc>Returns the given values which can then be assigned to a variables.</doc>
<msg timestamp="20211217 06:14:37.215" level="INFO">${field} = password</msg>
<status status="PASS" starttime="20211217 06:14:37.215" endtime="20211217 06:14:37.215"/>
</kw>
<kw name="Go To Signup Form" library="Actions">
<kw name="Get Title" library="Browser">
<arg>==</arg>
<arg>Getgeeks - Encontre um Geek</arg>
<tag>Assertion</tag>
<tag>Getter</tag>
<tag>PageContent</tag>
<doc>Returns the title of the current page.</doc>
<status status="PASS" starttime="20211217 06:14:37.216" endtime="20211217 06:14:37.219"/>
</kw>
<kw name="Click" library="Browser">
<arg>text=Cadastre-se</arg>
<tag>PageContent</tag>
<tag>Setter</tag>
<doc>Simulates mouse click on the element found by ``selector``.</doc>
<status status="PASS" starttime="20211217 06:14:37.219" endtime="20211217 06:14:37.797"/>
</kw>
<kw name="Wait For Elements State" library="Browser">
<arg>css=.signup-form</arg>
<arg>visible</arg>
<arg>15</arg>
<tag>PageContent</tag>
<tag>Wait</tag>
<doc>Waits for the element found by ``selector`` to satisfy state option.</doc>
<msg timestamp="20211217 06:14:37.802" level="INFO">Waited for Element with selector css=.signup-form at state visible</msg>
<status status="PASS" starttime="20211217 06:14:37.797" endtime="20211217 06:14:37.803"/>
</kw>
<status status="PASS" starttime="20211217 06:14:37.216" endtime="20211217 06:14:37.803"/>
</kw>
<kw name="Fill Signup Form" library="Actions">
<arg>${user_data}</arg>
<kw name="Fill Text" library="Browser">
<arg>id=name</arg>
<arg>${user_data}[name]</arg>
<tag>PageContent</tag>
<tag>Setter</tag>
<doc>Clears and fills the given ``txt`` into the text field found by ``selector``.</doc>
<msg timestamp="20211217 06:14:37.803" level="INFO">Fills the text 'Madoka' in the given field.</msg>
<status status="PASS" starttime="20211217 06:14:37.803" endtime="20211217 06:14:38.329"/>
</kw>
<kw name="Fill Text" library="Browser">
<arg>id=lastname</arg>
<arg>${user_data}[lastname]</arg>
<tag>PageContent</tag>
<tag>Setter</tag>
<doc>Clears and fills the given ``txt`` into the text field found by ``selector``.</doc>
<msg timestamp="20211217 06:14:38.329" level="INFO">Fills the text 'Kaname' in the given field.</msg>
<status status="PASS" starttime="20211217 06:14:38.329" endtime="20211217 06:14:38.851"/>
</kw>
<kw name="Fill Text" library="Browser">
<arg>id=email</arg>
<arg>${user_data}[email]</arg>
<tag>PageContent</tag>
<tag>Setter</tag>
<doc>Clears and fills the given ``txt`` into the text field found by ``selector``.</doc>
<msg timestamp="20211217 06:14:38.851" level="INFO">Fills the text 'madoka32@gmail.com' in the given field.</msg>
<status status="PASS" starttime="20211217 06:14:38.851" endtime="20211217 06:14:39.371"/>
</kw>
<kw name="Fill Text" library="Browser">
<arg>id=password</arg>
<arg>${user_data}[password]</arg>
<tag>PageContent</tag>
<tag>Setter</tag>
<doc>Clears and fills the given ``txt`` into the text field found by ``selector``.</doc>
<msg timestamp="20211217 06:14:39.371" level="INFO">Fills the text '2' in the given field.</msg>
<status status="PASS" starttime="20211217 06:14:39.371" endtime="20211217 06:14:39.897"/>
</kw>
<status status="PASS" starttime="20211217 06:14:37.803" endtime="20211217 06:14:39.897"/>
</kw>
<kw name="Submit Signup Form" library="Actions">
<kw name="Click" library="Browser">
<arg>text=Cadastrar</arg>
<tag>PageContent</tag>
<tag>Setter</tag>
<doc>Simulates mouse click on the element found by ``selector``.</doc>
<status status="PASS" starttime="20211217 06:14:39.897" endtime="20211217 06:14:40.447"/>
</kw>
<status status="PASS" starttime="20211217 06:14:39.897" endtime="20211217 06:14:40.447"/>
</kw>
<kw name="Alert Span in Signup Page" library="Actions">
<arg>${expected_alert}</arg>
<arg>${field}</arg>
<kw name="Get Text" library="Browser">
<var>${message}</var>
<arg>xpath=//label[@for="${field}"]/..//span[@class="error"]</arg>
<tag>Assertion</tag>
<tag>Getter</tag>
<tag>PageContent</tag>
<doc>Returns text attribute of the element found by ``selector``.</doc>
<msg timestamp="20211217 06:14:40.461" level="INFO">${message} = Informe uma senha com pelo menos 6 caracteres</msg>
<status status="PASS" starttime="20211217 06:14:40.448" endtime="20211217 06:14:40.461"/>
</kw>
<kw name="Should Be Equal" library="BuiltIn">
<arg>${expected_alert}</arg>
<arg>${message}</arg>
<doc>Fails if the given objects are unequal.</doc>
<status status="PASS" starttime="20211217 06:14:40.461" endtime="20211217 06:14:40.462"/>
</kw>
<status status="PASS" starttime="20211217 06:14:40.447" endtime="20211217 06:14:40.462"/>
</kw>
<kw name="End Session" library="Base">
<kw name="Take Screenshot" library="Browser">
<tag>PageContent</tag>
<doc>Takes a screenshot of the current window or element and saves it to disk.</doc>
<msg timestamp="20211217 06:14:40.660" level="INFO" html="true">&lt;/td&gt;&lt;/tr&gt;&lt;tr&gt;&lt;td colspan="3"&gt;&lt;a href="browser/screenshot/robotframework-browser-screenshot-5.png"&gt;&lt;img src="browser/screenshot/robotframework-browser-screenshot-5.png" width="800px"&gt;&lt;/a&gt;</msg>
<status status="PASS" starttime="20211217 06:14:40.462" endtime="20211217 06:14:40.660"/>
</kw>
<status status="PASS" starttime="20211217 06:14:40.462" endtime="20211217 06:14:40.660"/>
</kw>
<kw name="Close Browser" library="Browser">
<tag>BrowserControl</tag>
<tag>Setter</tag>
<doc>Closes the current browser.</doc>
<msg timestamp="20211217 06:14:40.819" level="INFO">Closed browser</msg>
<status status="PASS" starttime="20211217 06:14:40.660" endtime="20211217 06:14:40.819"/>
</kw>
<kw name="Start Session" library="Base">
<kw name="New Browser" library="Browser">
<arg>${BROWSER}</arg>
<arg>headless=False</arg>
<arg>slowMo=00:00:00.5</arg>
<tag>BrowserControl</tag>
<tag>Setter</tag>
<doc>Create a new playwright Browser with specified options.</doc>
<msg timestamp="20211217 06:14:40.821" level="INFO">{"browser": "chromium", "headless": false, "handleSIGINT": true, "handleSIGTERM": true, "handleSIGHUP": true, "timeout": 30000.0, "devtools": false, "slowMo": 500.0, "tracesDir": "C:\\GravidadeZERO\\getgeeks\\project\\logs\\browser\\traces\\a4c7085c-2209-44dc-b61b-a586b7a68563"}</msg>
<msg timestamp="20211217 06:14:41.396" level="INFO">Successfully created browser with options: {"browser":"chromium","headless":false,"handleSIGINT":true,"handleSIGTERM":true,"handleSIGHUP":true,"timeout":30000,"devtools":false,"slowMo":500,"tracesDir":"C:\\GravidadeZERO\\getgeeks\\project\\logs\\browser\\traces\\a4c7085c-2209-44dc-b61b-a586b7a68563"}</msg>
<status status="PASS" starttime="20211217 06:14:40.820" endtime="20211217 06:14:41.397"/>
</kw>
<kw name="New Page" library="Browser">
<arg>${BASE_URL}</arg>
<tag>BrowserControl</tag>
<tag>Setter</tag>
<doc>Open a new Page. A Page is the Playwright equivalent to a tab.
See `Browser, Context and Page` for more information about Page concept.
Returns a stable identifier for the created page.</doc>
<msg timestamp="20211217 06:14:44.677" level="INFO">Successfully initialized new page object and opened url: https://getgeeks-william.herokuapp.com</msg>
<msg timestamp="20211217 06:14:44.677" level="INFO">No context was open. New context was automatically opened when this page is created.</msg>
<status status="PASS" starttime="20211217 06:14:41.397" endtime="20211217 06:14:44.678"/>
</kw>
<status status="PASS" starttime="20211217 06:14:40.820" endtime="20211217 06:14:44.678"/>
</kw>
<status status="PASS" starttime="20211217 06:14:37.211" endtime="20211217 06:14:44.678"/>
</kw>
<kw name="Signup With Short Pass">
<arg>kyosa</arg>
<kw name="Create Dictionary" library="BuiltIn">
<var>${user_data}</var>
<arg>name=Madoka</arg>
<arg>lastname=Kaname</arg>
<arg>email=madoka32@gmail.com</arg>
<arg>password=${short_pass}</arg>
<doc>Creates and returns a dictionary based on the given ``items``.</doc>
<msg timestamp="20211217 06:14:44.679" level="INFO">${user_data} = {'name': 'Madoka', 'lastname': 'Kaname', 'email': 'madoka32@gmail.com', 'password': 'kyosa'}</msg>
<status status="PASS" starttime="20211217 06:14:44.679" endtime="20211217 06:14:44.679"/>
</kw>
<kw name="Set Variable" library="BuiltIn">
<var>${expected_alert}</var>
<arg>Informe uma senha com pelo menos 6 caracteres</arg>
<doc>Returns the given values which can then be assigned to a variables.</doc>
<msg timestamp="20211217 06:14:44.680" level="INFO">${expected_alert} = Informe uma senha com pelo menos 6 caracteres</msg>
<status status="PASS" starttime="20211217 06:14:44.679" endtime="20211217 06:14:44.680"/>
</kw>
<kw name="Set Variable" library="BuiltIn">
<var>${field}</var>
<arg>password</arg>
<doc>Returns the given values which can then be assigned to a variables.</doc>
<msg timestamp="20211217 06:14:44.680" level="INFO">${field} = password</msg>
<status status="PASS" starttime="20211217 06:14:44.680" endtime="20211217 06:14:44.680"/>
</kw>
<kw name="Go To Signup Form" library="Actions">
<kw name="Get Title" library="Browser">
<arg>==</arg>
<arg>Getgeeks - Encontre um Geek</arg>
<tag>Assertion</tag>
<tag>Getter</tag>
<tag>PageContent</tag>
<doc>Returns the title of the current page.</doc>
<status status="PASS" starttime="20211217 06:14:44.680" endtime="20211217 06:14:44.686"/>
</kw>
<kw name="Click" library="Browser">
<arg>text=Cadastre-se</arg>
<tag>PageContent</tag>
<tag>Setter</tag>
<doc>Simulates mouse click on the element found by ``selector``.</doc>
<status status="PASS" starttime="20211217 06:14:44.686" endtime="20211217 06:14:45.251"/>
</kw>
<kw name="Wait For Elements State" library="Browser">
<arg>css=.signup-form</arg>
<arg>visible</arg>
<arg>15</arg>
<tag>PageContent</tag>
<tag>Wait</tag>
<doc>Waits for the element found by ``selector`` to satisfy state option.</doc>
<msg timestamp="20211217 06:14:45.269" level="INFO">Waited for Element with selector css=.signup-form at state visible</msg>
<status status="PASS" starttime="20211217 06:14:45.251" endtime="20211217 06:14:45.269"/>
</kw>
<status status="PASS" starttime="20211217 06:14:44.680" endtime="20211217 06:14:45.269"/>
</kw>
<kw name="Fill Signup Form" library="Actions">
<arg>${user_data}</arg>
<kw name="Fill Text" library="Browser">
<arg>id=name</arg>
<arg>${user_data}[name]</arg>
<tag>PageContent</tag>
<tag>Setter</tag>
<doc>Clears and fills the given ``txt`` into the text field found by ``selector``.</doc>
<msg timestamp="20211217 06:14:45.271" level="INFO">Fills the text 'Madoka' in the given field.</msg>
<status status="PASS" starttime="20211217 06:14:45.271" endtime="20211217 06:14:45.813"/>
</kw>
<kw name="Fill Text" library="Browser">
<arg>id=lastname</arg>
<arg>${user_data}[lastname]</arg>
<tag>PageContent</tag>
<tag>Setter</tag>
<doc>Clears and fills the given ``txt`` into the text field found by ``selector``.</doc>
<msg timestamp="20211217 06:14:45.814" level="INFO">Fills the text 'Kaname' in the given field.</msg>
<status status="PASS" starttime="20211217 06:14:45.813" endtime="20211217 06:14:46.331"/>
</kw>
<kw name="Fill Text" library="Browser">
<arg>id=email</arg>
<arg>${user_data}[email]</arg>
<tag>PageContent</tag>
<tag>Setter</tag>
<doc>Clears and fills the given ``txt`` into the text field found by ``selector``.</doc>
<msg timestamp="20211217 06:14:46.332" level="INFO">Fills the text 'madoka32@gmail.com' in the given field.</msg>
<status status="PASS" starttime="20211217 06:14:46.331" endtime="20211217 06:14:46.850"/>
</kw>
<kw name="Fill Text" library="Browser">
<arg>id=password</arg>
<arg>${user_data}[password]</arg>
<tag>PageContent</tag>
<tag>Setter</tag>
<doc>Clears and fills the given ``txt`` into the text field found by ``selector``.</doc>
<msg timestamp="20211217 06:14:46.851" level="INFO">Fills the text 'kyosa' in the given field.</msg>
<status status="PASS" starttime="20211217 06:14:46.850" endtime="20211217 06:14:47.370"/>
</kw>
<status status="PASS" starttime="20211217 06:14:45.270" endtime="20211217 06:14:47.370"/>
</kw>
<kw name="Submit Signup Form" library="Actions">
<kw name="Click" library="Browser">
<arg>text=Cadastrar</arg>
<tag>PageContent</tag>
<tag>Setter</tag>
<doc>Simulates mouse click on the element found by ``selector``.</doc>
<status status="PASS" starttime="20211217 06:14:47.371" endtime="20211217 06:14:47.912"/>
</kw>
<status status="PASS" starttime="20211217 06:14:47.370" endtime="20211217 06:14:47.912"/>
</kw>
<kw name="Alert Span in Signup Page" library="Actions">
<arg>${expected_alert}</arg>
<arg>${field}</arg>
<kw name="Get Text" library="Browser">
<var>${message}</var>
<arg>xpath=//label[@for="${field}"]/..//span[@class="error"]</arg>
<tag>Assertion</tag>
<tag>Getter</tag>
<tag>PageContent</tag>
<doc>Returns text attribute of the element found by ``selector``.</doc>
<msg timestamp="20211217 06:14:47.928" level="INFO">${message} = Informe uma senha com pelo menos 6 caracteres</msg>
<status status="PASS" starttime="20211217 06:14:47.913" endtime="20211217 06:14:47.928"/>
</kw>
<kw name="Should Be Equal" library="BuiltIn">
<arg>${expected_alert}</arg>
<arg>${message}</arg>
<doc>Fails if the given objects are unequal.</doc>
<status status="PASS" starttime="20211217 06:14:47.928" endtime="20211217 06:14:47.928"/>
</kw>
<status status="PASS" starttime="20211217 06:14:47.912" endtime="20211217 06:14:47.928"/>
</kw>
<kw name="End Session" library="Base">
<kw name="Take Screenshot" library="Browser">
<tag>PageContent</tag>
<doc>Takes a screenshot of the current window or element and saves it to disk.</doc>
<msg timestamp="20211217 06:14:48.125" level="INFO" html="true">&lt;/td&gt;&lt;/tr&gt;&lt;tr&gt;&lt;td colspan="3"&gt;&lt;a href="browser/screenshot/robotframework-browser-screenshot-6.png"&gt;&lt;img src="browser/screenshot/robotframework-browser-screenshot-6.png" width="800px"&gt;&lt;/a&gt;</msg>
<status status="PASS" starttime="20211217 06:14:47.928" endtime="20211217 06:14:48.125"/>
</kw>
<status status="PASS" starttime="20211217 06:14:47.928" endtime="20211217 06:14:48.125"/>
</kw>
<kw name="Close Browser" library="Browser">
<tag>BrowserControl</tag>
<tag>Setter</tag>
<doc>Closes the current browser.</doc>
<msg timestamp="20211217 06:14:48.290" level="INFO">Closed browser</msg>
<status status="PASS" starttime="20211217 06:14:48.125" endtime="20211217 06:14:48.290"/>
</kw>
<kw name="Start Session" library="Base">
<kw name="New Browser" library="Browser">
<arg>${BROWSER}</arg>
<arg>headless=False</arg>
<arg>slowMo=00:00:00.5</arg>
<tag>BrowserControl</tag>
<tag>Setter</tag>
<doc>Create a new playwright Browser with specified options.</doc>
<msg timestamp="20211217 06:14:48.291" level="INFO">{"browser": "chromium", "headless": false, "handleSIGINT": true, "handleSIGTERM": true, "handleSIGHUP": true, "timeout": 30000.0, "devtools": false, "slowMo": 500.0, "tracesDir": "C:\\GravidadeZERO\\getgeeks\\project\\logs\\browser\\traces\\4810dc33-2f28-4319-aa52-6e3a5b4669e6"}</msg>
<msg timestamp="20211217 06:14:48.941" level="INFO">Successfully created browser with options: {"browser":"chromium","headless":false,"handleSIGINT":true,"handleSIGTERM":true,"handleSIGHUP":true,"timeout":30000,"devtools":false,"slowMo":500,"tracesDir":"C:\\GravidadeZERO\\getgeeks\\project\\logs\\browser\\traces\\4810dc33-2f28-4319-aa52-6e3a5b4669e6"}</msg>
<status status="PASS" starttime="20211217 06:14:48.291" endtime="20211217 06:14:48.941"/>
</kw>
<kw name="New Page" library="Browser">
<arg>${BASE_URL}</arg>
<tag>BrowserControl</tag>
<tag>Setter</tag>
<doc>Open a new Page. A Page is the Playwright equivalent to a tab.
See `Browser, Context and Page` for more information about Page concept.
Returns a stable identifier for the created page.</doc>
<msg timestamp="20211217 06:14:52.355" level="INFO">Successfully initialized new page object and opened url: https://getgeeks-william.herokuapp.com</msg>
<msg timestamp="20211217 06:14:52.356" level="INFO">No context was open. New context was automatically opened when this page is created.</msg>
<status status="PASS" starttime="20211217 06:14:48.941" endtime="20211217 06:14:52.356"/>
</kw>
<status status="PASS" starttime="20211217 06:14:48.290" endtime="20211217 06:14:52.357"/>
</kw>
<status status="PASS" starttime="20211217 06:14:44.679" endtime="20211217 06:14:52.357"/>
</kw>
<kw name="Signup With Short Pass">
<arg>333w</arg>
<kw name="Create Dictionary" library="BuiltIn">
<var>${user_data}</var>
<arg>name=Madoka</arg>
<arg>lastname=Kaname</arg>
<arg>email=madoka32@gmail.com</arg>
<arg>password=${short_pass}</arg>
<doc>Creates and returns a dictionary based on the given ``items``.</doc>
<msg timestamp="20211217 06:14:52.361" level="INFO">${user_data} = {'name': 'Madoka', 'lastname': 'Kaname', 'email': 'madoka32@gmail.com', 'password': '333w'}</msg>
<status status="PASS" starttime="20211217 06:14:52.360" endtime="20211217 06:14:52.362"/>
</kw>
<kw name="Set Variable" library="BuiltIn">
<var>${expected_alert}</var>
<arg>Informe uma senha com pelo menos 6 caracteres</arg>
<doc>Returns the given values which can then be assigned to a variables.</doc>
<msg timestamp="20211217 06:14:52.363" level="INFO">${expected_alert} = Informe uma senha com pelo menos 6 caracteres</msg>
<status status="PASS" starttime="20211217 06:14:52.362" endtime="20211217 06:14:52.363"/>
</kw>
<kw name="Set Variable" library="BuiltIn">
<var>${field}</var>
<arg>password</arg>
<doc>Returns the given values which can then be assigned to a variables.</doc>
<msg timestamp="20211217 06:14:52.363" level="INFO">${field} = password</msg>
<status status="PASS" starttime="20211217 06:14:52.363" endtime="20211217 06:14:52.363"/>
</kw>
<kw name="Go To Signup Form" library="Actions">
<kw name="Get Title" library="Browser">
<arg>==</arg>
<arg>Getgeeks - Encontre um Geek</arg>
<tag>Assertion</tag>
<tag>Getter</tag>
<tag>PageContent</tag>
<doc>Returns the title of the current page.</doc>
<status status="PASS" starttime="20211217 06:14:52.364" endtime="20211217 06:14:52.367"/>
</kw>
<kw name="Click" library="Browser">
<arg>text=Cadastre-se</arg>
<tag>PageContent</tag>
<tag>Setter</tag>
<doc>Simulates mouse click on the element found by ``selector``.</doc>
<status status="PASS" starttime="20211217 06:14:52.367" endtime="20211217 06:14:52.915"/>
</kw>
<kw name="Wait For Elements State" library="Browser">
<arg>css=.signup-form</arg>
<arg>visible</arg>
<arg>15</arg>
<tag>PageContent</tag>
<tag>Wait</tag>
<doc>Waits for the element found by ``selector`` to satisfy state option.</doc>
<msg timestamp="20211217 06:14:52.925" level="INFO">Waited for Element with selector css=.signup-form at state visible</msg>
<status status="PASS" starttime="20211217 06:14:52.915" endtime="20211217 06:14:52.925"/>
</kw>
<status status="PASS" starttime="20211217 06:14:52.363" endtime="20211217 06:14:52.925"/>
</kw>
<kw name="Fill Signup Form" library="Actions">
<arg>${user_data}</arg>
<kw name="Fill Text" library="Browser">
<arg>id=name</arg>
<arg>${user_data}[name]</arg>
<tag>PageContent</tag>
<tag>Setter</tag>
<doc>Clears and fills the given ``txt`` into the text field found by ``selector``.</doc>
<msg timestamp="20211217 06:14:52.926" level="INFO">Fills the text 'Madoka' in the given field.</msg>
<status status="PASS" starttime="20211217 06:14:52.926" endtime="20211217 06:14:53.447"/>
</kw>
<kw name="Fill Text" library="Browser">
<arg>id=lastname</arg>
<arg>${user_data}[lastname]</arg>
<tag>PageContent</tag>
<tag>Setter</tag>
<doc>Clears and fills the given ``txt`` into the text field found by ``selector``.</doc>
<msg timestamp="20211217 06:14:53.447" level="INFO">Fills the text 'Kaname' in the given field.</msg>
<status status="PASS" starttime="20211217 06:14:53.447" endtime="20211217 06:14:53.961"/>
</kw>
<kw name="Fill Text" library="Browser">
<arg>id=email</arg>
<arg>${user_data}[email]</arg>
<tag>PageContent</tag>
<tag>Setter</tag>
<doc>Clears and fills the given ``txt`` into the text field found by ``selector``.</doc>
<msg timestamp="20211217 06:14:53.962" level="INFO">Fills the text 'madoka32@gmail.com' in the given field.</msg>
<status status="PASS" starttime="20211217 06:14:53.961" endtime="20211217 06:14:54.480"/>
</kw>
<kw name="Fill Text" library="Browser">
<arg>id=password</arg>
<arg>${user_data}[password]</arg>
<tag>PageContent</tag>
<tag>Setter</tag>
<doc>Clears and fills the given ``txt`` into the text field found by ``selector``.</doc>
<msg timestamp="20211217 06:14:54.481" level="INFO">Fills the text '333w' in the given field.</msg>
<status status="PASS" starttime="20211217 06:14:54.480" endtime="20211217 06:14:55.001"/>
</kw>
<status status="PASS" starttime="20211217 06:14:52.925" endtime="20211217 06:14:55.001"/>
</kw>
<kw name="Submit Signup Form" library="Actions">
<kw name="Click" library="Browser">
<arg>text=Cadastrar</arg>
<tag>PageContent</tag>
<tag>Setter</tag>
<doc>Simulates mouse click on the element found by ``selector``.</doc>
<status status="PASS" starttime="20211217 06:14:55.002" endtime="20211217 06:14:55.556"/>
</kw>
<status status="PASS" starttime="20211217 06:14:55.002" endtime="20211217 06:14:55.556"/>
</kw>
<kw name="Alert Span in Signup Page" library="Actions">
<arg>${expected_alert}</arg>
<arg>${field}</arg>
<kw name="Get Text" library="Browser">
<var>${message}</var>
<arg>xpath=//label[@for="${field}"]/..//span[@class="error"]</arg>
<tag>Assertion</tag>
<tag>Getter</tag>
<tag>PageContent</tag>
<doc>Returns text attribute of the element found by ``selector``.</doc>
<msg timestamp="20211217 06:14:55.569" level="INFO">${message} = Informe uma senha com pelo menos 6 caracteres</msg>
<status status="PASS" starttime="20211217 06:14:55.557" endtime="20211217 06:14:55.569"/>
</kw>
<kw name="Should Be Equal" library="BuiltIn">
<arg>${expected_alert}</arg>
<arg>${message}</arg>
<doc>Fails if the given objects are unequal.</doc>
<status status="PASS" starttime="20211217 06:14:55.569" endtime="20211217 06:14:55.569"/>
</kw>
<status status="PASS" starttime="20211217 06:14:55.556" endtime="20211217 06:14:55.569"/>
</kw>
<kw name="End Session" library="Base">
<kw name="Take Screenshot" library="Browser">
<tag>PageContent</tag>
<doc>Takes a screenshot of the current window or element and saves it to disk.</doc>
<msg timestamp="20211217 06:14:55.756" level="INFO" html="true">&lt;/td&gt;&lt;/tr&gt;&lt;tr&gt;&lt;td colspan="3"&gt;&lt;a href="browser/screenshot/robotframework-browser-screenshot-7.png"&gt;&lt;img src="browser/screenshot/robotframework-browser-screenshot-7.png" width="800px"&gt;&lt;/a&gt;</msg>
<status status="PASS" starttime="20211217 06:14:55.570" endtime="20211217 06:14:55.756"/>
</kw>
<status status="PASS" starttime="20211217 06:14:55.569" endtime="20211217 06:14:55.756"/>
</kw>
<kw name="Close Browser" library="Browser">
<tag>BrowserControl</tag>
<tag>Setter</tag>
<doc>Closes the current browser.</doc>
<msg timestamp="20211217 06:14:55.917" level="INFO">Closed browser</msg>
<status status="PASS" starttime="20211217 06:14:55.756" endtime="20211217 06:14:55.917"/>
</kw>
<kw name="Start Session" library="Base">
<kw name="New Browser" library="Browser">
<arg>${BROWSER}</arg>
<arg>headless=False</arg>
<arg>slowMo=00:00:00.5</arg>
<tag>BrowserControl</tag>
<tag>Setter</tag>
<doc>Create a new playwright Browser with specified options.</doc>
<msg timestamp="20211217 06:14:55.918" level="INFO">{"browser": "chromium", "headless": false, "handleSIGINT": true, "handleSIGTERM": true, "handleSIGHUP": true, "timeout": 30000.0, "devtools": false, "slowMo": 500.0, "tracesDir": "C:\\GravidadeZERO\\getgeeks\\project\\logs\\browser\\traces\\1a736b95-1001-403c-a6b1-dcee4eb95e33"}</msg>
<msg timestamp="20211217 06:14:56.516" level="INFO">Successfully created browser with options: {"browser":"chromium","headless":false,"handleSIGINT":true,"handleSIGTERM":true,"handleSIGHUP":true,"timeout":30000,"devtools":false,"slowMo":500,"tracesDir":"C:\\GravidadeZERO\\getgeeks\\project\\logs\\browser\\traces\\1a736b95-1001-403c-a6b1-dcee4eb95e33"}</msg>
<status status="PASS" starttime="20211217 06:14:55.917" endtime="20211217 06:14:56.517"/>
</kw>
<kw name="New Page" library="Browser">
<arg>${BASE_URL}</arg>
<tag>BrowserControl</tag>
<tag>Setter</tag>
<doc>Open a new Page. A Page is the Playwright equivalent to a tab.
See `Browser, Context and Page` for more information about Page concept.
Returns a stable identifier for the created page.</doc>
<msg timestamp="20211217 06:14:59.831" level="INFO">Successfully initialized new page object and opened url: https://getgeeks-william.herokuapp.com</msg>
<msg timestamp="20211217 06:14:59.831" level="INFO">No context was open. New context was automatically opened when this page is created.</msg>
<status status="PASS" starttime="20211217 06:14:56.517" endtime="20211217 06:14:59.832"/>
</kw>
<status status="PASS" starttime="20211217 06:14:55.917" endtime="20211217 06:14:59.832"/>
</kw>
<status status="PASS" starttime="20211217 06:14:52.359" endtime="20211217 06:14:59.832"/>
</kw>
<kw name="Signup With Short Pass">
<arg>)¨&amp;*)</arg>
<kw name="Create Dictionary" library="BuiltIn">
<var>${user_data}</var>
<arg>name=Madoka</arg>
<arg>lastname=Kaname</arg>
<arg>email=madoka32@gmail.com</arg>
<arg>password=${short_pass}</arg>
<doc>Creates and returns a dictionary based on the given ``items``.</doc>
<msg timestamp="20211217 06:14:59.833" level="INFO">${user_data} = {'name': 'Madoka', 'lastname': 'Kaname', 'email': 'madoka32@gmail.com', 'password': ')¨&amp;*)'}</msg>
<status status="PASS" starttime="20211217 06:14:59.833" endtime="20211217 06:14:59.833"/>
</kw>
<kw name="Set Variable" library="BuiltIn">
<var>${expected_alert}</var>
<arg>Informe uma senha com pelo menos 6 caracteres</arg>
<doc>Returns the given values which can then be assigned to a variables.</doc>
<msg timestamp="20211217 06:14:59.833" level="INFO">${expected_alert} = Informe uma senha com pelo menos 6 caracteres</msg>
<status status="PASS" starttime="20211217 06:14:59.833" endtime="20211217 06:14:59.833"/>
</kw>
<kw name="Set Variable" library="BuiltIn">
<var>${field}</var>
<arg>password</arg>
<doc>Returns the given values which can then be assigned to a variables.</doc>
<msg timestamp="20211217 06:14:59.834" level="INFO">${field} = password</msg>
<status status="PASS" starttime="20211217 06:14:59.833" endtime="20211217 06:14:59.834"/>
</kw>
<kw name="Go To Signup Form" library="Actions">
<kw name="Get Title" library="Browser">
<arg>==</arg>
<arg>Getgeeks - Encontre um Geek</arg>
<tag>Assertion</tag>
<tag>Getter</tag>
<tag>PageContent</tag>
<doc>Returns the title of the current page.</doc>
<status status="PASS" starttime="20211217 06:14:59.834" endtime="20211217 06:14:59.838"/>
</kw>
<kw name="Click" library="Browser">
<arg>text=Cadastre-se</arg>
<tag>PageContent</tag>
<tag>Setter</tag>
<doc>Simulates mouse click on the element found by ``selector``.</doc>
<status status="PASS" starttime="20211217 06:14:59.838" endtime="20211217 06:15:00.403"/>
</kw>
<kw name="Wait For Elements State" library="Browser">
<arg>css=.signup-form</arg>
<arg>visible</arg>
<arg>15</arg>
<tag>PageContent</tag>
<tag>Wait</tag>
<doc>Waits for the element found by ``selector`` to satisfy state option.</doc>
<msg timestamp="20211217 06:15:00.411" level="INFO">Waited for Element with selector css=.signup-form at state visible</msg>
<status status="PASS" starttime="20211217 06:15:00.404" endtime="20211217 06:15:00.411"/>
</kw>
<status status="PASS" starttime="20211217 06:14:59.834" endtime="20211217 06:15:00.411"/>
</kw>
<kw name="Fill Signup Form" library="Actions">
<arg>${user_data}</arg>
<kw name="Fill Text" library="Browser">
<arg>id=name</arg>
<arg>${user_data}[name]</arg>
<tag>PageContent</tag>
<tag>Setter</tag>
<doc>Clears and fills the given ``txt`` into the text field found by ``selector``.</doc>
<msg timestamp="20211217 06:15:00.412" level="INFO">Fills the text 'Madoka' in the given field.</msg>
<status status="PASS" starttime="20211217 06:15:00.412" endtime="20211217 06:15:00.937"/>
</kw>
<kw name="Fill Text" library="Browser">
<arg>id=lastname</arg>
<arg>${user_data}[lastname]</arg>
<tag>PageContent</tag>
<tag>Setter</tag>
<doc>Clears and fills the given ``txt`` into the text field found by ``selector``.</doc>
<msg timestamp="20211217 06:15:00.938" level="INFO">Fills the text 'Kaname' in the given field.</msg>
<status status="PASS" starttime="20211217 06:15:00.938" endtime="20211217 06:15:01.461"/>
</kw>
<kw name="Fill Text" library="Browser">
<arg>id=email</arg>
<arg>${user_data}[email]</arg>
<tag>PageContent</tag>
<tag>Setter</tag>
<doc>Clears and fills the given ``txt`` into the text field found by ``selector``.</doc>
<msg timestamp="20211217 06:15:01.461" level="INFO">Fills the text 'madoka32@gmail.com' in the given field.</msg>
<status status="PASS" starttime="20211217 06:15:01.461" endtime="20211217 06:15:01.977"/>
</kw>
<kw name="Fill Text" library="Browser">
<arg>id=password</arg>
<arg>${user_data}[password]</arg>
<tag>PageContent</tag>
<tag>Setter</tag>
<doc>Clears and fills the given ``txt`` into the text field found by ``selector``.</doc>
<msg timestamp="20211217 06:15:01.977" level="INFO">Fills the text ')¨&amp;*)' in the given field.</msg>
<status status="PASS" starttime="20211217 06:15:01.977" endtime="20211217 06:15:02.492"/>
</kw>
<status status="PASS" starttime="20211217 06:15:00.411" endtime="20211217 06:15:02.492"/>
</kw>
<kw name="Submit Signup Form" library="Actions">
<kw name="Click" library="Browser">
<arg>text=Cadastrar</arg>
<tag>PageContent</tag>
<tag>Setter</tag>
<doc>Simulates mouse click on the element found by ``selector``.</doc>
<status status="PASS" starttime="20211217 06:15:02.493" endtime="20211217 06:15:03.038"/>
</kw>
<status status="PASS" starttime="20211217 06:15:02.493" endtime="20211217 06:15:03.039"/>
</kw>
<kw name="Alert Span in Signup Page" library="Actions">
<arg>${expected_alert}</arg>
<arg>${field}</arg>
<kw name="Get Text" library="Browser">
<var>${message}</var>
<arg>xpath=//label[@for="${field}"]/..//span[@class="error"]</arg>
<tag>Assertion</tag>
<tag>Getter</tag>
<tag>PageContent</tag>
<doc>Returns text attribute of the element found by ``selector``.</doc>
<msg timestamp="20211217 06:15:03.052" level="INFO">${message} = Informe uma senha com pelo menos 6 caracteres</msg>
<status status="PASS" starttime="20211217 06:15:03.039" endtime="20211217 06:15:03.052"/>
</kw>
<kw name="Should Be Equal" library="BuiltIn">
<arg>${expected_alert}</arg>
<arg>${message}</arg>
<doc>Fails if the given objects are unequal.</doc>
<status status="PASS" starttime="20211217 06:15:03.052" endtime="20211217 06:15:03.053"/>
</kw>
<status status="PASS" starttime="20211217 06:15:03.039" endtime="20211217 06:15:03.053"/>
</kw>
<kw name="End Session" library="Base">
<kw name="Take Screenshot" library="Browser">
<tag>PageContent</tag>
<doc>Takes a screenshot of the current window or element and saves it to disk.</doc>
<msg timestamp="20211217 06:15:03.240" level="INFO" html="true">&lt;/td&gt;&lt;/tr&gt;&lt;tr&gt;&lt;td colspan="3"&gt;&lt;a href="browser/screenshot/robotframework-browser-screenshot-8.png"&gt;&lt;img src="browser/screenshot/robotframework-browser-screenshot-8.png" width="800px"&gt;&lt;/a&gt;</msg>
<status status="PASS" starttime="20211217 06:15:03.053" endtime="20211217 06:15:03.241"/>
</kw>
<status status="PASS" starttime="20211217 06:15:03.053" endtime="20211217 06:15:03.241"/>
</kw>
<kw name="Close Browser" library="Browser">
<tag>BrowserControl</tag>
<tag>Setter</tag>
<doc>Closes the current browser.</doc>
<msg timestamp="20211217 06:15:03.407" level="INFO">Closed browser</msg>
<status status="PASS" starttime="20211217 06:15:03.241" endtime="20211217 06:15:03.408"/>
</kw>
<kw name="Start Session" library="Base">
<kw name="New Browser" library="Browser">
<arg>${BROWSER}</arg>
<arg>headless=False</arg>
<arg>slowMo=00:00:00.5</arg>
<tag>BrowserControl</tag>
<tag>Setter</tag>
<doc>Create a new playwright Browser with specified options.</doc>
<msg timestamp="20211217 06:15:03.408" level="INFO">{"browser": "chromium", "headless": false, "handleSIGINT": true, "handleSIGTERM": true, "handleSIGHUP": true, "timeout": 30000.0, "devtools": false, "slowMo": 500.0, "tracesDir": "C:\\GravidadeZERO\\getgeeks\\project\\logs\\browser\\traces\\5ccf8286-3b24-4f37-bb77-8a7633890979"}</msg>
<msg timestamp="20211217 06:15:03.982" level="INFO">Successfully created browser with options: {"browser":"chromium","headless":false,"handleSIGINT":true,"handleSIGTERM":true,"handleSIGHUP":true,"timeout":30000,"devtools":false,"slowMo":500,"tracesDir":"C:\\GravidadeZERO\\getgeeks\\project\\logs\\browser\\traces\\5ccf8286-3b24-4f37-bb77-8a7633890979"}</msg>
<status status="PASS" starttime="20211217 06:15:03.408" endtime="20211217 06:15:03.982"/>
</kw>
<kw name="New Page" library="Browser">
<arg>${BASE_URL}</arg>
<tag>BrowserControl</tag>
<tag>Setter</tag>
<doc>Open a new Page. A Page is the Playwright equivalent to a tab.
See `Browser, Context and Page` for more information about Page concept.
Returns a stable identifier for the created page.</doc>
<msg timestamp="20211217 06:15:07.391" level="INFO">Successfully initialized new page object and opened url: https://getgeeks-william.herokuapp.com</msg>
<msg timestamp="20211217 06:15:07.392" level="INFO">No context was open. New context was automatically opened when this page is created.</msg>
<status status="PASS" starttime="20211217 06:15:03.982" endtime="20211217 06:15:07.392"/>
</kw>
<status status="PASS" starttime="20211217 06:15:03.408" endtime="20211217 06:15:07.393"/>
</kw>
<status status="PASS" starttime="20211217 06:14:59.832" endtime="20211217 06:15:07.393"/>
</kw>
<kw name="Signup With Short Pass">
<arg>666</arg>
<kw name="Create Dictionary" library="BuiltIn">
<var>${user_data}</var>
<arg>name=Madoka</arg>
<arg>lastname=Kaname</arg>
<arg>email=madoka32@gmail.com</arg>
<arg>password=${short_pass}</arg>
<doc>Creates and returns a dictionary based on the given ``items``.</doc>
<msg timestamp="20211217 06:15:07.399" level="INFO">${user_data} = {'name': 'Madoka', 'lastname': 'Kaname', 'email': 'madoka32@gmail.com', 'password': '666'}</msg>
<status status="PASS" starttime="20211217 06:15:07.397" endtime="20211217 06:15:07.399"/>
</kw>
<kw name="Set Variable" library="BuiltIn">
<var>${expected_alert}</var>
<arg>Informe uma senha com pelo menos 6 caracteres</arg>
<doc>Returns the given values which can then be assigned to a variables.</doc>
<msg timestamp="20211217 06:15:07.400" level="INFO">${expected_alert} = Informe uma senha com pelo menos 6 caracteres</msg>
<status status="PASS" starttime="20211217 06:15:07.399" endtime="20211217 06:15:07.400"/>
</kw>
<kw name="Set Variable" library="BuiltIn">
<var>${field}</var>
<arg>password</arg>
<doc>Returns the given values which can then be assigned to a variables.</doc>
<msg timestamp="20211217 06:15:07.401" level="INFO">${field} = password</msg>
<status status="PASS" starttime="20211217 06:15:07.401" endtime="20211217 06:15:07.401"/>
</kw>
<kw name="Go To Signup Form" library="Actions">
<kw name="Get Title" library="Browser">
<arg>==</arg>
<arg>Getgeeks - Encontre um Geek</arg>
<tag>Assertion</tag>
<tag>Getter</tag>
<tag>PageContent</tag>
<doc>Returns the title of the current page.</doc>
<status status="PASS" starttime="20211217 06:15:07.403" endtime="20211217 06:15:07.415"/>
</kw>
<kw name="Click" library="Browser">
<arg>text=Cadastre-se</arg>
<tag>PageContent</tag>
<tag>Setter</tag>
<doc>Simulates mouse click on the element found by ``selector``.</doc>
<status status="PASS" starttime="20211217 06:15:07.416" endtime="20211217 06:15:07.983"/>
</kw>
<kw name="Wait For Elements State" library="Browser">
<arg>css=.signup-form</arg>
<arg>visible</arg>
<arg>15</arg>
<tag>PageContent</tag>
<tag>Wait</tag>
<doc>Waits for the element found by ``selector`` to satisfy state option.</doc>
<msg timestamp="20211217 06:15:07.991" level="INFO">Waited for Element with selector css=.signup-form at state visible</msg>
<status status="PASS" starttime="20211217 06:15:07.983" endtime="20211217 06:15:07.991"/>
</kw>
<status status="PASS" starttime="20211217 06:15:07.402" endtime="20211217 06:15:07.991"/>
</kw>
<kw name="Fill Signup Form" library="Actions">
<arg>${user_data}</arg>
<kw name="Fill Text" library="Browser">
<arg>id=name</arg>
<arg>${user_data}[name]</arg>
<tag>PageContent</tag>
<tag>Setter</tag>
<doc>Clears and fills the given ``txt`` into the text field found by ``selector``.</doc>
<msg timestamp="20211217 06:15:07.991" level="INFO">Fills the text 'Madoka' in the given field.</msg>
<status status="PASS" starttime="20211217 06:15:07.991" endtime="20211217 06:15:08.511"/>
</kw>
<kw name="Fill Text" library="Browser">
<arg>id=lastname</arg>
<arg>${user_data}[lastname]</arg>
<tag>PageContent</tag>
<tag>Setter</tag>
<doc>Clears and fills the given ``txt`` into the text field found by ``selector``.</doc>
<msg timestamp="20211217 06:15:08.512" level="INFO">Fills the text 'Kaname' in the given field.</msg>
<status status="PASS" starttime="20211217 06:15:08.512" endtime="20211217 06:15:09.033"/>
</kw>
<kw name="Fill Text" library="Browser">
<arg>id=email</arg>
<arg>${user_data}[email]</arg>
<tag>PageContent</tag>
<tag>Setter</tag>
<doc>Clears and fills the given ``txt`` into the text field found by ``selector``.</doc>
<msg timestamp="20211217 06:15:09.034" level="INFO">Fills the text 'madoka32@gmail.com' in the given field.</msg>
<status status="PASS" starttime="20211217 06:15:09.033" endtime="20211217 06:15:09.556"/>
</kw>
<kw name="Fill Text" library="Browser">
<arg>id=password</arg>
<arg>${user_data}[password]</arg>
<tag>PageContent</tag>
<tag>Setter</tag>
<doc>Clears and fills the given ``txt`` into the text field found by ``selector``.</doc>
<msg timestamp="20211217 06:15:09.557" level="INFO">Fills the text '666' in the given field.</msg>
<status status="PASS" starttime="20211217 06:15:09.556" endtime="20211217 06:15:10.072"/>
</kw>
<status status="PASS" starttime="20211217 06:15:07.991" endtime="20211217 06:15:10.072"/>
</kw>
<kw name="Submit Signup Form" library="Actions">
<kw name="Click" library="Browser">
<arg>text=Cadastrar</arg>
<tag>PageContent</tag>
<tag>Setter</tag>
<doc>Simulates mouse click on the element found by ``selector``.</doc>
<status status="PASS" starttime="20211217 06:15:10.073" endtime="20211217 06:15:10.614"/>
</kw>
<status status="PASS" starttime="20211217 06:15:10.072" endtime="20211217 06:15:10.614"/>
</kw>
<kw name="Alert Span in Signup Page" library="Actions">
<arg>${expected_alert}</arg>
<arg>${field}</arg>
<kw name="Get Text" library="Browser">
<var>${message}</var>
<arg>xpath=//label[@for="${field}"]/..//span[@class="error"]</arg>
<tag>Assertion</tag>
<tag>Getter</tag>
<tag>PageContent</tag>
<doc>Returns text attribute of the element found by ``selector``.</doc>
<msg timestamp="20211217 06:15:10.629" level="INFO">${message} = Informe uma senha com pelo menos 6 caracteres</msg>
<status status="PASS" starttime="20211217 06:15:10.615" endtime="20211217 06:15:10.629"/>
</kw>
<kw name="Should Be Equal" library="BuiltIn">
<arg>${expected_alert}</arg>
<arg>${message}</arg>
<doc>Fails if the given objects are unequal.</doc>
<status status="PASS" starttime="20211217 06:15:10.629" endtime="20211217 06:15:10.629"/>
</kw>
<status status="PASS" starttime="20211217 06:15:10.614" endtime="20211217 06:15:10.630"/>
</kw>
<kw name="End Session" library="Base">
<kw name="Take Screenshot" library="Browser">
<tag>PageContent</tag>
<doc>Takes a screenshot of the current window or element and saves it to disk.</doc>
<msg timestamp="20211217 06:15:10.809" level="INFO" html="true">&lt;/td&gt;&lt;/tr&gt;&lt;tr&gt;&lt;td colspan="3"&gt;&lt;a href="browser/screenshot/robotframework-browser-screenshot-9.png"&gt;&lt;img src="browser/screenshot/robotframework-browser-screenshot-9.png" width="800px"&gt;&lt;/a&gt;</msg>
<status status="PASS" starttime="20211217 06:15:10.630" endtime="20211217 06:15:10.809"/>
</kw>
<status status="PASS" starttime="20211217 06:15:10.630" endtime="20211217 06:15:10.809"/>
</kw>
<kw name="Close Browser" library="Browser">
<tag>BrowserControl</tag>
<tag>Setter</tag>
<doc>Closes the current browser.</doc>
<msg timestamp="20211217 06:15:10.975" level="INFO">Closed browser</msg>
<status status="PASS" starttime="20211217 06:15:10.809" endtime="20211217 06:15:10.975"/>
</kw>
<kw name="Start Session" library="Base">
<kw name="New Browser" library="Browser">
<arg>${BROWSER}</arg>
<arg>headless=False</arg>
<arg>slowMo=00:00:00.5</arg>
<tag>BrowserControl</tag>
<tag>Setter</tag>
<doc>Create a new playwright Browser with specified options.</doc>
<msg timestamp="20211217 06:15:10.976" level="INFO">{"browser": "chromium", "headless": false, "handleSIGINT": true, "handleSIGTERM": true, "handleSIGHUP": true, "timeout": 30000.0, "devtools": false, "slowMo": 500.0, "tracesDir": "C:\\GravidadeZERO\\getgeeks\\project\\logs\\browser\\traces\\b3102f56-56d2-4164-b9ec-e2f2fcf2d7c1"}</msg>
<msg timestamp="20211217 06:15:11.564" level="INFO">Successfully created browser with options: {"browser":"chromium","headless":false,"handleSIGINT":true,"handleSIGTERM":true,"handleSIGHUP":true,"timeout":30000,"devtools":false,"slowMo":500,"tracesDir":"C:\\GravidadeZERO\\getgeeks\\project\\logs\\browser\\traces\\b3102f56-56d2-4164-b9ec-e2f2fcf2d7c1"}</msg>
<status status="PASS" starttime="20211217 06:15:10.975" endtime="20211217 06:15:11.565"/>
</kw>
<kw name="New Page" library="Browser">
<arg>${BASE_URL}</arg>
<tag>BrowserControl</tag>
<tag>Setter</tag>
<doc>Open a new Page. A Page is the Playwright equivalent to a tab.
See `Browser, Context and Page` for more information about Page concept.
Returns a stable identifier for the created page.</doc>
<msg timestamp="20211217 06:15:14.960" level="INFO">Successfully initialized new page object and opened url: https://getgeeks-william.herokuapp.com</msg>
<msg timestamp="20211217 06:15:14.961" level="INFO">No context was open. New context was automatically opened when this page is created.</msg>
<status status="PASS" starttime="20211217 06:15:11.565" endtime="20211217 06:15:14.961"/>
</kw>
<status status="PASS" starttime="20211217 06:15:10.975" endtime="20211217 06:15:14.962"/>
</kw>
<status status="PASS" starttime="20211217 06:15:07.396" endtime="20211217 06:15:14.962"/>
</kw>
<kw name="End Session" library="Base" type="TEARDOWN">
<kw name="Take Screenshot" library="Browser">
<tag>PageContent</tag>
<doc>Takes a screenshot of the current window or element and saves it to disk.</doc>
<msg timestamp="20211217 06:15:15.163" level="INFO" html="true">&lt;/td&gt;&lt;/tr&gt;&lt;tr&gt;&lt;td colspan="3"&gt;&lt;a href="browser/screenshot/robotframework-browser-screenshot-10.png"&gt;&lt;img src="browser/screenshot/robotframework-browser-screenshot-10.png" width="800px"&gt;&lt;/a&gt;</msg>
<status status="PASS" starttime="20211217 06:15:14.965" endtime="20211217 06:15:15.163"/>
</kw>
<status status="PASS" starttime="20211217 06:15:14.964" endtime="20211217 06:15:15.164"/>
</kw>
<tag>attempt_signup2</tag>
<status status="PASS" starttime="20211217 06:14:02.788" endtime="20211217 06:15:15.164"/>
</test>
<doc>Signup Test Suite</doc>
<status status="PASS" starttime="20211217 06:14:01.844" endtime="20211217 06:15:15.212"/>
</suite>
<status status="PASS" starttime="20211217 06:14:01.818" endtime="20211217 06:15:15.223"/>
</suite>
<statistics>
<total>
<stat pass="1" fail="0" skip="0">All Tests</stat>
</total>
<tag>
<stat pass="1" fail="0" skip="0">attempt_signup2</stat>
</tag>
<suite>
<stat pass="1" fail="0" skip="0" id="s1" name="Tests">Tests</stat>
<stat pass="1" fail="0" skip="0" id="s1-s1" name="Signup">Tests.Signup</stat>
</suite>
</statistics>
<errors>
</errors>
</robot>
