<?xml version="1.0" encoding="UTF-8"?>
<robot generator="Robot 4.1.2 (Python 3.10.0 on win32)" generated="20211217 00:06:12.962" rpa="false" schemaversion="2">
<suite id="s1" name="Tests" source="C:\GravidadeZERO\getgeeks\project\tests">
<suite id="s1-s1" name="Signup" source="C:\GravidadeZERO\getgeeks\project\tests\Signup.robot">
<test id="s1-s1-t1" name="Duplicate user">
<kw name="Start Session" library="Base" type="SETUP">
<kw name="New Browser" library="Browser">
<arg>${BROWSER}</arg>
<arg>headless=False</arg>
<arg>slowMo=00:00:00.5</arg>
<tag>BrowserControl</tag>
<tag>Setter</tag>
<doc>Create a new playwright Browser with specified options.</doc>
<msg timestamp="20211217 00:06:13.964" level="INFO">{"browser": "chromium", "headless": false, "handleSIGINT": true, "handleSIGTERM": true, "handleSIGHUP": true, "timeout": 30000.0, "devtools": false, "slowMo": 500.0, "tracesDir": "C:\\GravidadeZERO\\getgeeks\\project\\logs\\browser\\traces\\903475db-13fe-47ea-a87d-97183b508b85"}</msg>
<msg timestamp="20211217 00:06:14.608" level="INFO">Successfully created browser with options: {"browser":"chromium","headless":false,"handleSIGINT":true,"handleSIGTERM":true,"handleSIGHUP":true,"timeout":30000,"devtools":false,"slowMo":500,"tracesDir":"C:\\GravidadeZERO\\getgeeks\\project\\logs\\browser\\traces\\903475db-13fe-47ea-a87d-97183b508b85"}</msg>
<status status="PASS" starttime="20211217 00:06:13.963" endtime="20211217 00:06:14.608"/>
</kw>
<kw name="New Page" library="Browser">
<arg>${BASE_URL}</arg>
<tag>BrowserControl</tag>
<tag>Setter</tag>
<doc>Open a new Page. A Page is the Playwright equivalent to a tab.
See `Browser, Context and Page` for more information about Page concept.
Returns a stable identifier for the created page.</doc>
<msg timestamp="20211217 00:06:18.035" level="INFO">Successfully initialized new page object and opened url: https://getgeeks-william.herokuapp.com</msg>
<msg timestamp="20211217 00:06:18.035" level="INFO">No context was open. New context was automatically opened when this page is created.</msg>
<status status="PASS" starttime="20211217 00:06:14.609" endtime="20211217 00:06:18.035"/>
</kw>
<status status="PASS" starttime="20211217 00:06:13.963" endtime="20211217 00:06:18.035"/>
</kw>
<kw name="Factory Fake User" library="Users">
<var>${user_data}</var>
<msg timestamp="20211217 00:06:18.036" level="INFO">${user_data} = {'name': 'Catherine', 'lastname': 'Jackson', 'email': 'timothybeard@hotmail.com', 'password': 'kyosaya'}</msg>
<status status="PASS" starttime="20211217 00:06:18.036" endtime="20211217 00:06:18.036"/>
</kw>
<kw name="Set Variable" library="BuiltIn">
<var>${expected_title}</var>
<arg>Oops...</arg>
<doc>Returns the given values which can then be assigned to a variables.</doc>
<msg timestamp="20211217 00:06:18.037" level="INFO">${expected_title} = Oops...</msg>
<status status="PASS" starttime="20211217 00:06:18.037" endtime="20211217 00:06:18.037"/>
</kw>
<kw name="Set Variable" library="BuiltIn">
<var>${expected_text}</var>
<arg>Já temos um usuário com o e-mail informado.</arg>
<doc>Returns the given values which can then be assigned to a variables.</doc>
<msg timestamp="20211217 00:06:18.038" level="INFO">${expected_text} = Já temos um usuário com o e-mail informado.</msg>
<status status="PASS" starttime="20211217 00:06:18.038" endtime="20211217 00:06:18.038"/>
</kw>
<kw name="Add User From Database" library="Helpers">
<arg>${user_data}</arg>
<kw name="Connect To Postgres" library="Database">
<kw name="Connect To Database" library="DatabaseLibrary">
<arg>psycopg2</arg>
<arg>tsctgnpr</arg>
<arg>tsctgnpr</arg>
<arg>V9O5d7HZhG4oHZVBV4iAMrhXy0cDU9sx</arg>
<arg>castor.db.elephantsql.com</arg>
<arg>5432</arg>
<doc>Loads the DB API 2.0 module given `dbapiModuleName` then uses it to
connect to the database using `dbName`, `dbUsername`, and `dbPassword`.</doc>
<msg timestamp="20211217 00:06:18.049" level="INFO">Connecting using : psycopg2.connect(database=tsctgnpr, user=tsctgnpr, password=V9O5d7HZhG4oHZVBV4iAMrhXy0cDU9sx, host=castor.db.elephantsql.com, port=5432) </msg>
<status status="PASS" starttime="20211217 00:06:18.039" endtime="20211217 00:06:18.950"/>
</kw>
<status status="PASS" starttime="20211217 00:06:18.038" endtime="20211217 00:06:18.951"/>
</kw>
<kw name="Insert User" library="Database">
<arg>${user_data}</arg>
<kw name="Set Variable" library="BuiltIn">
<var>${complete_name}</var>
<arg>${user_data}[name] ${user_data}[lastname]</arg>
<doc>Returns the given values which can then be assigned to a variables.</doc>
<msg timestamp="20211217 00:06:18.951" level="INFO">${complete_name} = Catherine Jackson</msg>
<status status="PASS" starttime="20211217 00:06:18.951" endtime="20211217 00:06:18.951"/>
</kw>
<kw name="Catenate" library="BuiltIn">
<var>${sql_operation}</var>
<arg>SEPARATOR=,</arg>
<arg>email</arg>
<arg>password_hash</arg>
<arg>name</arg>
<arg>is_geek</arg>
<doc>Catenates the given items together and returns the resulted string.</doc>
<msg timestamp="20211217 00:06:18.952" level="INFO">${sql_operation} = email,password_hash,name,is_geek</msg>
<status status="PASS" starttime="20211217 00:06:18.952" endtime="20211217 00:06:18.952"/>
</kw>
<kw name="Catenate" library="BuiltIn">
<var>${sql_values}</var>
<arg>SEPARATOR=,</arg>
<arg>'${user_data}[email]'</arg>
<arg>'${user_data}[password]'</arg>
<arg>'${complete_name}'</arg>
<arg>false</arg>
<doc>Catenates the given items together and returns the resulted string.</doc>
<msg timestamp="20211217 00:06:18.952" level="INFO">${sql_values} = 'timothybeard@hotmail.com','kyosaya','Catherine Jackson',false</msg>
<status status="PASS" starttime="20211217 00:06:18.952" endtime="20211217 00:06:18.952"/>
</kw>
<kw name="Execute Sql String" library="DatabaseLibrary">
<arg>INSERT INTO public.users (${sql_operation}) values (${sql_values})</arg>
<doc>Executes the sqlString as SQL commands. Useful to pass arguments to your sql. Set optional input `sansTran` to
True to run command without an explicit transaction commit or rollback.</doc>
<msg timestamp="20211217 00:06:18.953" level="INFO">Executing : Execute SQL String  |  INSERT INTO public.users (email,password_hash,name,is_geek) values ('timothybeard@hotmail.com','kyosaya','Catherine Jackson',false) </msg>
<status status="PASS" starttime="20211217 00:06:18.952" endtime="20211217 00:06:19.379"/>
</kw>
<status status="PASS" starttime="20211217 00:06:18.951" endtime="20211217 00:06:19.379"/>
</kw>
<kw name="Disconnect From Database" library="DatabaseLibrary">
<doc>Disconnects from the database.</doc>
<msg timestamp="20211217 00:06:19.379" level="INFO">Executing : Disconnect From Database</msg>
<status status="PASS" starttime="20211217 00:06:19.379" endtime="20211217 00:06:19.380"/>
</kw>
<status status="PASS" starttime="20211217 00:06:18.038" endtime="20211217 00:06:19.380"/>
</kw>
<kw name="Go To Signup Form" library="Actions">
<kw name="Get Title" library="Browser">
<arg>==</arg>
<arg>Getgeeks - Encontre um Geek</arg>
<tag>Assertion</tag>
<tag>Getter</tag>
<tag>PageContent</tag>
<doc>Returns the title of the current page.</doc>
<status status="PASS" starttime="20211217 00:06:19.381" endtime="20211217 00:06:19.387"/>
</kw>
<kw name="Click" library="Browser">
<arg>text=Cadastre-se</arg>
<tag>PageContent</tag>
<tag>Setter</tag>
<doc>Simulates mouse click on the element found by ``selector``.</doc>
<status status="PASS" starttime="20211217 00:06:19.387" endtime="20211217 00:06:19.955"/>
</kw>
<kw name="Wait For Elements State" library="Browser">
<arg>css=.signup-form</arg>
<arg>visible</arg>
<arg>15</arg>
<tag>PageContent</tag>
<tag>Wait</tag>
<doc>Waits for the element found by ``selector`` to satisfy state option.</doc>
<msg timestamp="20211217 00:06:19.965" level="INFO">Waited for Element with selector css=.signup-form at state visible</msg>
<status status="PASS" starttime="20211217 00:06:19.956" endtime="20211217 00:06:19.965"/>
</kw>
<status status="PASS" starttime="20211217 00:06:19.380" endtime="20211217 00:06:19.965"/>
</kw>
<kw name="Fill Signup Form" library="Actions">
<arg>${user_data}</arg>
<kw name="Fill Text" library="Browser">
<arg>id=name</arg>
<arg>${user_data}[name]</arg>
<tag>PageContent</tag>
<tag>Setter</tag>
<doc>Clears and fills the given ``txt`` into the text field found by ``selector``.</doc>
<msg timestamp="20211217 00:06:19.966" level="INFO">Fills the text 'Catherine' in the given field.</msg>
<status status="PASS" starttime="20211217 00:06:19.966" endtime="20211217 00:06:20.496"/>
</kw>
<kw name="Fill Text" library="Browser">
<arg>id=lastname</arg>
<arg>${user_data}[lastname]</arg>
<tag>PageContent</tag>
<tag>Setter</tag>
<doc>Clears and fills the given ``txt`` into the text field found by ``selector``.</doc>
<msg timestamp="20211217 00:06:20.497" level="INFO">Fills the text 'Jackson' in the given field.</msg>
<status status="PASS" starttime="20211217 00:06:20.496" endtime="20211217 00:06:21.018"/>
</kw>
<kw name="Fill Text" library="Browser">
<arg>id=email</arg>
<arg>${user_data}[email]</arg>
<tag>PageContent</tag>
<tag>Setter</tag>
<doc>Clears and fills the given ``txt`` into the text field found by ``selector``.</doc>
<msg timestamp="20211217 00:06:21.018" level="INFO">Fills the text 'timothybeard@hotmail.com' in the given field.</msg>
<status status="PASS" starttime="20211217 00:06:21.018" endtime="20211217 00:06:21.541"/>
</kw>
<kw name="Fill Text" library="Browser">
<arg>id=password</arg>
<arg>${user_data}[password]</arg>
<tag>PageContent</tag>
<tag>Setter</tag>
<doc>Clears and fills the given ``txt`` into the text field found by ``selector``.</doc>
<msg timestamp="20211217 00:06:21.542" level="INFO">Fills the text 'kyosaya' in the given field.</msg>
<status status="PASS" starttime="20211217 00:06:21.541" endtime="20211217 00:06:22.057"/>
</kw>
<status status="PASS" starttime="20211217 00:06:19.966" endtime="20211217 00:06:22.057"/>
</kw>
<kw name="Submit Signup Form" library="Actions">
<kw name="Click" library="Browser">
<arg>text=Cadastrar</arg>
<tag>PageContent</tag>
<tag>Setter</tag>
<doc>Simulates mouse click on the element found by ``selector``.</doc>
<status status="PASS" starttime="20211217 00:06:22.058" endtime="20211217 00:06:22.608"/>
</kw>
<status status="PASS" starttime="20211217 00:06:22.057" endtime="20211217 00:06:22.608"/>
</kw>
<kw name="Modal Content Should Be" library="Actions">
<arg>${expected_title}</arg>
<arg>${expected_text}</arg>
<kw name="Wait For Elements State" library="Browser">
<arg>css=.swal2-x-mark</arg>
<arg>visible</arg>
<arg>5</arg>
<tag>PageContent</tag>
<tag>Wait</tag>
<doc>Waits for the element found by ``selector`` to satisfy state option.</doc>
<msg timestamp="20211217 00:06:22.926" level="INFO">Waited for Element with selector css=.swal2-x-mark at state visible</msg>
<status status="PASS" starttime="20211217 00:06:22.609" endtime="20211217 00:06:22.926"/>
</kw>
<kw name="Get Text" library="Browser">
<arg>id=swal2-title</arg>
<arg>==</arg>
<arg>${expected_title}</arg>
<tag>Assertion</tag>
<tag>Getter</tag>
<tag>PageContent</tag>
<doc>Returns text attribute of the element found by ``selector``.</doc>
<status status="PASS" starttime="20211217 00:06:22.926" endtime="20211217 00:06:22.946"/>
</kw>
<kw name="Get Text" library="Browser">
<arg>id=swal2-html-container</arg>
<arg>==</arg>
<arg>${expected_text}</arg>
<tag>Assertion</tag>
<tag>Getter</tag>
<tag>PageContent</tag>
<doc>Returns text attribute of the element found by ``selector``.</doc>
<status status="PASS" starttime="20211217 00:06:22.947" endtime="20211217 00:06:22.962"/>
</kw>
<kw name="Get Style" library="Browser">
<arg>css=.swal2-error</arg>
<arg>display</arg>
<arg>contains</arg>
<arg>flex</arg>
<tag>Assertion</tag>
<tag>Getter</tag>
<tag>PageContent</tag>
<doc>Gets the computed style properties of the element selected by ``selector``.</doc>
<msg timestamp="20211217 00:06:23.501" level="INFO">Value of key: display</msg>
<msg timestamp="20211217 00:06:23.501" level="INFO">Value of selected property: flex</msg>
<status status="PASS" starttime="20211217 00:06:22.962" endtime="20211217 00:06:23.502"/>
</kw>
<status status="PASS" starttime="20211217 00:06:22.609" endtime="20211217 00:06:23.502"/>
</kw>
<kw name="End Session" library="Base" type="TEARDOWN">
<kw name="Take Screenshot" library="Browser">
<tag>PageContent</tag>
<doc>Takes a screenshot of the current window or element and saves it to disk.</doc>
<msg timestamp="20211217 00:06:23.692" level="INFO" html="true">&lt;/td&gt;&lt;/tr&gt;&lt;tr&gt;&lt;td colspan="3"&gt;&lt;a href="browser/screenshot/robotframework-browser-screenshot-1.png"&gt;&lt;img src="browser/screenshot/robotframework-browser-screenshot-1.png" width="800px"&gt;&lt;/a&gt;</msg>
<status status="PASS" starttime="20211217 00:06:23.507" endtime="20211217 00:06:23.692"/>
</kw>
<status status="PASS" starttime="20211217 00:06:23.505" endtime="20211217 00:06:23.692"/>
</kw>
<tag>attempt_signup</tag>
<status status="PASS" starttime="20211217 00:06:13.960" endtime="20211217 00:06:23.693"/>
</test>
<test id="s1-s1-t2" name="Wrong E-mail">
<kw name="Start Session" library="Base" type="SETUP">
<kw name="New Browser" library="Browser">
<arg>${BROWSER}</arg>
<arg>headless=False</arg>
<arg>slowMo=00:00:00.5</arg>
<tag>BrowserControl</tag>
<tag>Setter</tag>
<doc>Create a new playwright Browser with specified options.</doc>
<msg timestamp="20211217 00:06:23.746" level="INFO">{"browser": "chromium", "headless": false, "handleSIGINT": true, "handleSIGTERM": true, "handleSIGHUP": true, "timeout": 30000.0, "devtools": false, "slowMo": 500.0, "tracesDir": "C:\\GravidadeZERO\\getgeeks\\project\\logs\\browser\\traces\\fdb1983c-4299-41d0-84f6-34fc50d48c30"}</msg>
<msg timestamp="20211217 00:06:24.347" level="INFO">Successfully created browser with options: {"browser":"chromium","headless":false,"handleSIGINT":true,"handleSIGTERM":true,"handleSIGHUP":true,"timeout":30000,"devtools":false,"slowMo":500,"tracesDir":"C:\\GravidadeZERO\\getgeeks\\project\\logs\\browser\\traces\\fdb1983c-4299-41d0-84f6-34fc50d48c30"}</msg>
<status status="PASS" starttime="20211217 00:06:23.745" endtime="20211217 00:06:24.347"/>
</kw>
<kw name="New Page" library="Browser">
<arg>${BASE_URL}</arg>
<tag>BrowserControl</tag>
<tag>Setter</tag>
<doc>Open a new Page. A Page is the Playwright equivalent to a tab.
See `Browser, Context and Page` for more information about Page concept.
Returns a stable identifier for the created page.</doc>
<msg timestamp="20211217 00:06:27.636" level="INFO">Successfully initialized new page object and opened url: https://getgeeks-william.herokuapp.com</msg>
<msg timestamp="20211217 00:06:27.636" level="INFO">No context was open. New context was automatically opened when this page is created.</msg>
<status status="PASS" starttime="20211217 00:06:24.347" endtime="20211217 00:06:27.636"/>
</kw>
<status status="PASS" starttime="20211217 00:06:23.745" endtime="20211217 00:06:27.637"/>
</kw>
<kw name="Factory Wrong Email" library="Users">
<var>${user_data}</var>
<msg timestamp="20211217 00:06:27.641" level="INFO">${user_data} = {'name': 'Aaron', 'lastname': 'Gutierrez', 'email': 'Matthews Inc', 'password': 'kyosaya'}</msg>
<status status="PASS" starttime="20211217 00:06:27.639" endtime="20211217 00:06:27.641"/>
</kw>
<kw name="Set Variable" library="BuiltIn">
<var>${expected_alert}</var>
<arg>O email está estranho</arg>
<doc>Returns the given values which can then be assigned to a variables.</doc>
<msg timestamp="20211217 00:06:27.643" level="INFO">${expected_alert} = O email está estranho</msg>
<status status="PASS" starttime="20211217 00:06:27.642" endtime="20211217 00:06:27.643"/>
</kw>
<kw name="Set Variable" library="BuiltIn">
<var>${field}</var>
<arg>email</arg>
<doc>Returns the given values which can then be assigned to a variables.</doc>
<msg timestamp="20211217 00:06:27.645" level="INFO">${field} = email</msg>
<status status="PASS" starttime="20211217 00:06:27.644" endtime="20211217 00:06:27.645"/>
</kw>
<kw name="Go To Signup Form" library="Actions">
<kw name="Get Title" library="Browser">
<arg>==</arg>
<arg>Getgeeks - Encontre um Geek</arg>
<tag>Assertion</tag>
<tag>Getter</tag>
<tag>PageContent</tag>
<doc>Returns the title of the current page.</doc>
<status status="PASS" starttime="20211217 00:06:27.648" endtime="20211217 00:06:27.662"/>
</kw>
<kw name="Click" library="Browser">
<arg>text=Cadastre-se</arg>
<tag>PageContent</tag>
<tag>Setter</tag>
<doc>Simulates mouse click on the element found by ``selector``.</doc>
<status status="PASS" starttime="20211217 00:06:27.663" endtime="20211217 00:06:28.241"/>
</kw>
<kw name="Wait For Elements State" library="Browser">
<arg>css=.signup-form</arg>
<arg>visible</arg>
<arg>15</arg>
<tag>PageContent</tag>
<tag>Wait</tag>
<doc>Waits for the element found by ``selector`` to satisfy state option.</doc>
<msg timestamp="20211217 00:06:28.248" level="INFO">Waited for Element with selector css=.signup-form at state visible</msg>
<status status="PASS" starttime="20211217 00:06:28.241" endtime="20211217 00:06:28.248"/>
</kw>
<status status="PASS" starttime="20211217 00:06:27.647" endtime="20211217 00:06:28.248"/>
</kw>
<kw name="Fill Signup Form" library="Actions">
<arg>${user_data}</arg>
<kw name="Fill Text" library="Browser">
<arg>id=name</arg>
<arg>${user_data}[name]</arg>
<tag>PageContent</tag>
<tag>Setter</tag>
<doc>Clears and fills the given ``txt`` into the text field found by ``selector``.</doc>
<msg timestamp="20211217 00:06:28.248" level="INFO">Fills the text 'Aaron' in the given field.</msg>
<status status="PASS" starttime="20211217 00:06:28.248" endtime="20211217 00:06:28.777"/>
</kw>
<kw name="Fill Text" library="Browser">
<arg>id=lastname</arg>
<arg>${user_data}[lastname]</arg>
<tag>PageContent</tag>
<tag>Setter</tag>
<doc>Clears and fills the given ``txt`` into the text field found by ``selector``.</doc>
<msg timestamp="20211217 00:06:28.777" level="INFO">Fills the text 'Gutierrez' in the given field.</msg>
<status status="PASS" starttime="20211217 00:06:28.777" endtime="20211217 00:06:29.305"/>
</kw>
<kw name="Fill Text" library="Browser">
<arg>id=email</arg>
<arg>${user_data}[email]</arg>
<tag>PageContent</tag>
<tag>Setter</tag>
<doc>Clears and fills the given ``txt`` into the text field found by ``selector``.</doc>
<msg timestamp="20211217 00:06:29.306" level="INFO">Fills the text 'Matthews Inc' in the given field.</msg>
<status status="PASS" starttime="20211217 00:06:29.306" endtime="20211217 00:06:29.831"/>
</kw>
<kw name="Fill Text" library="Browser">
<arg>id=password</arg>
<arg>${user_data}[password]</arg>
<tag>PageContent</tag>
<tag>Setter</tag>
<doc>Clears and fills the given ``txt`` into the text field found by ``selector``.</doc>
<msg timestamp="20211217 00:06:29.832" level="INFO">Fills the text 'kyosaya' in the given field.</msg>
<status status="PASS" starttime="20211217 00:06:29.832" endtime="20211217 00:06:30.349"/>
</kw>
<status status="PASS" starttime="20211217 00:06:28.248" endtime="20211217 00:06:30.349"/>
</kw>
<kw name="Submit Signup Form" library="Actions">
<kw name="Click" library="Browser">
<arg>text=Cadastrar</arg>
<tag>PageContent</tag>
<tag>Setter</tag>
<doc>Simulates mouse click on the element found by ``selector``.</doc>
<status status="PASS" starttime="20211217 00:06:30.350" endtime="20211217 00:06:30.901"/>
</kw>
<status status="PASS" starttime="20211217 00:06:30.350" endtime="20211217 00:06:30.901"/>
</kw>
<kw name="Alert Span in Signup Page" library="Actions">
<arg>${expected_alert}</arg>
<arg>${field}</arg>
<kw name="Get Text" library="Browser">
<var>${message}</var>
<arg>xpath=//label[@for="${field}"]/..//span[@class="error"]</arg>
<tag>Assertion</tag>
<tag>Getter</tag>
<tag>PageContent</tag>
<doc>Returns text attribute of the element found by ``selector``.</doc>
<msg timestamp="20211217 00:06:30.917" level="INFO">${message} = O email está estranho</msg>
<status status="PASS" starttime="20211217 00:06:30.902" endtime="20211217 00:06:30.917"/>
</kw>
<kw name="Should Be Equal" library="BuiltIn">
<arg>${expected_alert}</arg>
<arg>${message}</arg>
<doc>Fails if the given objects are unequal.</doc>
<status status="PASS" starttime="20211217 00:06:30.917" endtime="20211217 00:06:30.918"/>
</kw>
<status status="PASS" starttime="20211217 00:06:30.902" endtime="20211217 00:06:30.918"/>
</kw>
<kw name="End Session" library="Base" type="TEARDOWN">
<kw name="Take Screenshot" library="Browser">
<tag>PageContent</tag>
<doc>Takes a screenshot of the current window or element and saves it to disk.</doc>
<msg timestamp="20211217 00:06:31.112" level="INFO" html="true">&lt;/td&gt;&lt;/tr&gt;&lt;tr&gt;&lt;td colspan="3"&gt;&lt;a href="browser/screenshot/robotframework-browser-screenshot-2.png"&gt;&lt;img src="browser/screenshot/robotframework-browser-screenshot-2.png" width="800px"&gt;&lt;/a&gt;</msg>
<status status="PASS" starttime="20211217 00:06:30.919" endtime="20211217 00:06:31.112"/>
</kw>
<status status="PASS" starttime="20211217 00:06:30.918" endtime="20211217 00:06:31.112"/>
</kw>
<tag>attempt_signup</tag>
<status status="PASS" starttime="20211217 00:06:23.742" endtime="20211217 00:06:31.113"/>
</test>
<test id="s1-s1-t3" name="Mandatory Fields">
<kw name="Start Session" library="Base" type="SETUP">
<kw name="New Browser" library="Browser">
<arg>${BROWSER}</arg>
<arg>headless=False</arg>
<arg>slowMo=00:00:00.5</arg>
<tag>BrowserControl</tag>
<tag>Setter</tag>
<doc>Create a new playwright Browser with specified options.</doc>
<msg timestamp="20211217 00:06:31.161" level="INFO">{"browser": "chromium", "headless": false, "handleSIGINT": true, "handleSIGTERM": true, "handleSIGHUP": true, "timeout": 30000.0, "devtools": false, "slowMo": 500.0, "tracesDir": "C:\\GravidadeZERO\\getgeeks\\project\\logs\\browser\\traces\\af93544c-49c9-463d-b848-64df18d4a38b"}</msg>
<msg timestamp="20211217 00:06:31.752" level="INFO">Successfully created browser with options: {"browser":"chromium","headless":false,"handleSIGINT":true,"handleSIGTERM":true,"handleSIGHUP":true,"timeout":30000,"devtools":false,"slowMo":500,"tracesDir":"C:\\GravidadeZERO\\getgeeks\\project\\logs\\browser\\traces\\af93544c-49c9-463d-b848-64df18d4a38b"}</msg>
<status status="PASS" starttime="20211217 00:06:31.160" endtime="20211217 00:06:31.752"/>
</kw>
<kw name="New Page" library="Browser">
<arg>${BASE_URL}</arg>
<tag>BrowserControl</tag>
<tag>Setter</tag>
<doc>Open a new Page. A Page is the Playwright equivalent to a tab.
See `Browser, Context and Page` for more information about Page concept.
Returns a stable identifier for the created page.</doc>
<msg timestamp="20211217 00:06:35.116" level="INFO">Successfully initialized new page object and opened url: https://getgeeks-william.herokuapp.com</msg>
<msg timestamp="20211217 00:06:35.116" level="INFO">No context was open. New context was automatically opened when this page is created.</msg>
<status status="PASS" starttime="20211217 00:06:31.752" endtime="20211217 00:06:35.117"/>
</kw>
<status status="PASS" starttime="20211217 00:06:31.160" endtime="20211217 00:06:35.117"/>
</kw>
<kw name="Factory Wrong Email" library="Users">
<var>${user_data}</var>
<msg timestamp="20211217 00:06:35.121" level="INFO">${user_data} = {'name': 'Cynthia', 'lastname': 'Curry', 'email': 'Vaughn Group', 'password': 'kyosaya'}</msg>
<status status="PASS" starttime="20211217 00:06:35.119" endtime="20211217 00:06:35.121"/>
</kw>
<kw name="Set Variable" library="BuiltIn">
<var>${expected_alerts}</var>
<arg>Cadê o seu nome?</arg>
<arg>E o sobrenome?</arg>
<arg>O email é importante também!</arg>
<arg>Agora só falta a senha!</arg>
<doc>Returns the given values which can then be assigned to a variables.</doc>
<msg timestamp="20211217 00:06:35.123" level="INFO">${expected_alerts} = ['Cadê o seu nome?', 'E o sobrenome?', 'O email é importante também!', 'Agora só falta a senha!']</msg>
<status status="PASS" starttime="20211217 00:06:35.122" endtime="20211217 00:06:35.123"/>
</kw>
<kw name="Set Variable" library="BuiltIn">
<var>${field}</var>
<arg>name</arg>
<arg>lastname</arg>
<arg>email</arg>
<arg>password</arg>
<doc>Returns the given values which can then be assigned to a variables.</doc>
<msg timestamp="20211217 00:06:35.126" level="INFO">${field} = ['name', 'lastname', 'email', 'password']</msg>
<status status="PASS" starttime="20211217 00:06:35.125" endtime="20211217 00:06:35.126"/>
</kw>
<kw name="Go To Signup Form" library="Actions">
<kw name="Get Title" library="Browser">
<arg>==</arg>
<arg>Getgeeks - Encontre um Geek</arg>
<tag>Assertion</tag>
<tag>Getter</tag>
<tag>PageContent</tag>
<doc>Returns the title of the current page.</doc>
<status status="PASS" starttime="20211217 00:06:35.128" endtime="20211217 00:06:35.142"/>
</kw>
<kw name="Click" library="Browser">
<arg>text=Cadastre-se</arg>
<tag>PageContent</tag>
<tag>Setter</tag>
<doc>Simulates mouse click on the element found by ``selector``.</doc>
<status status="PASS" starttime="20211217 00:06:35.142" endtime="20211217 00:06:35.741"/>
</kw>
<kw name="Wait For Elements State" library="Browser">
<arg>css=.signup-form</arg>
<arg>visible</arg>
<arg>15</arg>
<tag>PageContent</tag>
<tag>Wait</tag>
<doc>Waits for the element found by ``selector`` to satisfy state option.</doc>
<msg timestamp="20211217 00:06:35.748" level="INFO">Waited for Element with selector css=.signup-form at state visible</msg>
<status status="PASS" starttime="20211217 00:06:35.741" endtime="20211217 00:06:35.748"/>
</kw>
<status status="PASS" starttime="20211217 00:06:35.127" endtime="20211217 00:06:35.748"/>
</kw>
<kw name="Submit Signup Form" library="Actions">
<kw name="Click" library="Browser">
<arg>text=Cadastrar</arg>
<tag>PageContent</tag>
<tag>Setter</tag>
<doc>Simulates mouse click on the element found by ``selector``.</doc>
<status status="PASS" starttime="20211217 00:06:35.749" endtime="20211217 00:06:36.306"/>
</kw>
<status status="PASS" starttime="20211217 00:06:35.748" endtime="20211217 00:06:36.306"/>
</kw>
<kw name="Alert Spans in Signup Page" library="Actions">
<arg>${expected_alerts}</arg>
<arg>${field}</arg>
<kw name="Set Variable" library="BuiltIn">
<var>${i}</var>
<arg>0</arg>
<doc>Returns the given values which can then be assigned to a variables.</doc>
<msg timestamp="20211217 00:06:36.307" level="INFO">${i} = 0</msg>
<status status="PASS" starttime="20211217 00:06:36.307" endtime="20211217 00:06:36.307"/>
</kw>
<for flavor="IN">
<var>${field}</var>
<value>${fields}</value>
<iter>
<var name="${field}">['name', 'lastname', 'email', 'password']</var>
<kw name="Evaluate" library="BuiltIn">
<var>${i}</var>
<arg>${i} + 1</arg>
<doc>Evaluates the given expression in Python and returns the result.</doc>
<msg timestamp="20211217 00:06:36.308" level="INFO">${i} = 1</msg>
<status status="PASS" starttime="20211217 00:06:36.308" endtime="20211217 00:06:36.308"/>
</kw>
<kw name="Log" library="BuiltIn">
<arg>${i}</arg>
<doc>Logs the given message with the given level.</doc>
<msg timestamp="20211217 00:06:36.308" level="INFO">1</msg>
<status status="PASS" starttime="20211217 00:06:36.308" endtime="20211217 00:06:36.308"/>
</kw>
<kw name="Log" library="BuiltIn">
<arg>${field}[${i}]</arg>
<doc>Logs the given message with the given level.</doc>
<msg timestamp="20211217 00:06:36.308" level="INFO">lastname</msg>
<status status="PASS" starttime="20211217 00:06:36.308" endtime="20211217 00:06:36.309"/>
</kw>
<kw name="Get Text" library="Browser">
<var>${message}</var>
<arg>xpath=//label[@for="${field}[${i}]"]/..//span[@class="error"]</arg>
<tag>Assertion</tag>
<tag>Getter</tag>
<tag>PageContent</tag>
<doc>Returns text attribute of the element found by ``selector``.</doc>
<msg timestamp="20211217 00:06:36.321" level="INFO">${message} = E o sobrenome?</msg>
<status status="PASS" starttime="20211217 00:06:36.309" endtime="20211217 00:06:36.321"/>
</kw>
<kw name="Should Be Equal" library="BuiltIn">
<arg>${expected_alerts}[${i}]</arg>
<arg>${message}</arg>
<doc>Fails if the given objects are unequal.</doc>
<status status="PASS" starttime="20211217 00:06:36.321" endtime="20211217 00:06:36.322"/>
</kw>
<status status="PASS" starttime="20211217 00:06:36.308" endtime="20211217 00:06:36.322"/>
</iter>
<status status="PASS" starttime="20211217 00:06:36.307" endtime="20211217 00:06:36.322"/>
</for>
<status status="PASS" starttime="20211217 00:06:36.307" endtime="20211217 00:06:36.322"/>
</kw>
<kw name="End Session" library="Base" type="TEARDOWN">
<kw name="Take Screenshot" library="Browser">
<tag>PageContent</tag>
<doc>Takes a screenshot of the current window or element and saves it to disk.</doc>
<msg timestamp="20211217 00:06:36.513" level="INFO" html="true">&lt;/td&gt;&lt;/tr&gt;&lt;tr&gt;&lt;td colspan="3"&gt;&lt;a href="browser/screenshot/robotframework-browser-screenshot-3.png"&gt;&lt;img src="browser/screenshot/robotframework-browser-screenshot-3.png" width="800px"&gt;&lt;/a&gt;</msg>
<status status="PASS" starttime="20211217 00:06:36.323" endtime="20211217 00:06:36.513"/>
</kw>
<status status="PASS" starttime="20211217 00:06:36.322" endtime="20211217 00:06:36.514"/>
</kw>
<tag>attempt_signup</tag>
<status status="PASS" starttime="20211217 00:06:31.158" endtime="20211217 00:06:36.514"/>
</test>
<doc>Signup Test Suite</doc>
<status status="PASS" starttime="20211217 00:06:12.985" endtime="20211217 00:06:36.565"/>
</suite>
<status status="PASS" starttime="20211217 00:06:12.963" endtime="20211217 00:06:36.569"/>
</suite>
<statistics>
<total>
<stat pass="3" fail="0" skip="0">All Tests</stat>
</total>
<tag>
<stat pass="3" fail="0" skip="0">attempt_signup</stat>
</tag>
<suite>
<stat pass="3" fail="0" skip="0" id="s1" name="Tests">Tests</stat>
<stat pass="3" fail="0" skip="0" id="s1-s1" name="Signup">Tests.Signup</stat>
</suite>
</statistics>
<errors>
</errors>
</robot>
